[2025-05-30T18:14:22.127+0000] {taskinstance.py:1956} INFO - Dependencies all met for dep_context=non-requeueable deps ti=<TaskInstance: etl_ecobici.procesar_datos manual__2025-05-30T18:14:08.846114+00:00 [queued]>
[2025-05-30T18:14:22.149+0000] {taskinstance.py:1956} INFO - Dependencies all met for dep_context=requeueable deps ti=<TaskInstance: etl_ecobici.procesar_datos manual__2025-05-30T18:14:08.846114+00:00 [queued]>
[2025-05-30T18:14:22.150+0000] {taskinstance.py:2170} INFO - Starting attempt 1 of 1
[2025-05-30T18:14:22.207+0000] {taskinstance.py:2191} INFO - Executing <Task(BashOperator): procesar_datos> on 2025-05-30 18:14:08.846114+00:00
[2025-05-30T18:14:22.211+0000] {standard_task_runner.py:60} INFO - Started process 492 to run task
[2025-05-30T18:14:22.214+0000] {standard_task_runner.py:87} INFO - Running: ['airflow', 'tasks', 'run', 'etl_ecobici', 'procesar_datos', 'manual__2025-05-30T18:14:08.846114+00:00', '--job-id', '43', '--raw', '--subdir', 'DAGS_FOLDER/etl_ecobici.py', '--cfg-path', '/tmp/tmp_c0bken1']
[2025-05-30T18:14:22.218+0000] {standard_task_runner.py:88} INFO - Job 43: Subtask procesar_datos
[2025-05-30T18:14:22.363+0000] {task_command.py:423} INFO - Running <TaskInstance: etl_ecobici.procesar_datos manual__2025-05-30T18:14:08.846114+00:00 [running]> on host ff526de6184a
[2025-05-30T18:14:22.590+0000] {taskinstance.py:2480} INFO - Exporting env vars: AIRFLOW_CTX_DAG_OWNER='airflow' AIRFLOW_CTX_DAG_ID='etl_ecobici' AIRFLOW_CTX_TASK_ID='procesar_datos' AIRFLOW_CTX_EXECUTION_DATE='2025-05-30T18:14:08.846114+00:00' AIRFLOW_CTX_TRY_NUMBER='1' AIRFLOW_CTX_DAG_RUN_ID='manual__2025-05-30T18:14:08.846114+00:00'
[2025-05-30T18:14:22.591+0000] {subprocess.py:63} INFO - Tmp dir root location: /tmp
[2025-05-30T18:14:22.593+0000] {subprocess.py:75} INFO - Running command: ['/usr/bin/bash', '-c', 'docker exec spark spark-submit /app/dags/scripts/procesar_ecobici.py']
[2025-05-30T18:14:22.600+0000] {subprocess.py:86} INFO - Output:
[2025-05-30T18:14:25.682+0000] {subprocess.py:93} INFO - 25/05/30 18:14:25 INFO SparkContext: Running Spark version 3.5.0
[2025-05-30T18:14:25.685+0000] {subprocess.py:93} INFO - 25/05/30 18:14:25 INFO SparkContext: OS info Linux, 5.15.146.1-microsoft-standard-WSL2, amd64
[2025-05-30T18:14:25.685+0000] {subprocess.py:93} INFO - 25/05/30 18:14:25 INFO SparkContext: Java version 17.0.10
[2025-05-30T18:14:25.710+0000] {subprocess.py:93} INFO - 25/05/30 18:14:25 INFO ResourceUtils: ==============================================================
[2025-05-30T18:14:25.711+0000] {subprocess.py:93} INFO - 25/05/30 18:14:25 INFO ResourceUtils: No custom resources configured for spark.driver.
[2025-05-30T18:14:25.711+0000] {subprocess.py:93} INFO - 25/05/30 18:14:25 INFO ResourceUtils: ==============================================================
[2025-05-30T18:14:25.712+0000] {subprocess.py:93} INFO - 25/05/30 18:14:25 INFO SparkContext: Submitted application: Procesar Ecobici y subir a MinIO
[2025-05-30T18:14:25.730+0000] {subprocess.py:93} INFO - 25/05/30 18:14:25 INFO ResourceProfile: Default ResourceProfile created, executor resources: Map(cores -> name: cores, amount: 1, script: , vendor: , memory -> name: memory, amount: 1024, script: , vendor: , offHeap -> name: offHeap, amount: 0, script: , vendor: ), task resources: Map(cpus -> name: cpus, amount: 1.0)
[2025-05-30T18:14:25.738+0000] {subprocess.py:93} INFO - 25/05/30 18:14:25 INFO ResourceProfile: Limiting resource is cpu
[2025-05-30T18:14:25.738+0000] {subprocess.py:93} INFO - 25/05/30 18:14:25 INFO ResourceProfileManager: Added ResourceProfile id: 0
[2025-05-30T18:14:25.785+0000] {subprocess.py:93} INFO - 25/05/30 18:14:25 INFO SecurityManager: Changing view acls to: root,spark
[2025-05-30T18:14:25.786+0000] {subprocess.py:93} INFO - 25/05/30 18:14:25 INFO SecurityManager: Changing modify acls to: root,spark
[2025-05-30T18:14:25.786+0000] {subprocess.py:93} INFO - 25/05/30 18:14:25 INFO SecurityManager: Changing view acls groups to:
[2025-05-30T18:14:25.787+0000] {subprocess.py:93} INFO - 25/05/30 18:14:25 INFO SecurityManager: Changing modify acls groups to:
[2025-05-30T18:14:25.787+0000] {subprocess.py:93} INFO - 25/05/30 18:14:25 INFO SecurityManager: SecurityManager: authentication disabled; ui acls disabled; users with view permissions: root, spark; groups with view permissions: EMPTY; users with modify permissions: root, spark; groups with modify permissions: EMPTY
[2025-05-30T18:14:25.840+0000] {subprocess.py:93} INFO - 25/05/30 18:14:25 WARN NativeCodeLoader: Unable to load native-hadoop library for your platform... using builtin-java classes where applicable
[2025-05-30T18:14:26.107+0000] {subprocess.py:93} INFO - 25/05/30 18:14:26 INFO Utils: Successfully started service 'sparkDriver' on port 37279.
[2025-05-30T18:14:26.146+0000] {subprocess.py:93} INFO - 25/05/30 18:14:26 INFO SparkEnv: Registering MapOutputTracker
[2025-05-30T18:14:26.180+0000] {subprocess.py:93} INFO - 25/05/30 18:14:26 INFO SparkEnv: Registering BlockManagerMaster
[2025-05-30T18:14:26.202+0000] {subprocess.py:93} INFO - 25/05/30 18:14:26 INFO BlockManagerMasterEndpoint: Using org.apache.spark.storage.DefaultTopologyMapper for getting topology information
[2025-05-30T18:14:26.203+0000] {subprocess.py:93} INFO - 25/05/30 18:14:26 INFO BlockManagerMasterEndpoint: BlockManagerMasterEndpoint up
[2025-05-30T18:14:26.209+0000] {subprocess.py:93} INFO - 25/05/30 18:14:26 INFO SparkEnv: Registering BlockManagerMasterHeartbeat
[2025-05-30T18:14:26.235+0000] {subprocess.py:93} INFO - 25/05/30 18:14:26 INFO DiskBlockManager: Created local directory at /tmp/blockmgr-ffffd78d-fbf3-4fda-a4be-d4960937ce7d
[2025-05-30T18:14:26.257+0000] {subprocess.py:93} INFO - 25/05/30 18:14:26 INFO MemoryStore: MemoryStore started with capacity 434.4 MiB
[2025-05-30T18:14:26.278+0000] {subprocess.py:93} INFO - 25/05/30 18:14:26 INFO SparkEnv: Registering OutputCommitCoordinator
[2025-05-30T18:14:26.414+0000] {subprocess.py:93} INFO - 25/05/30 18:14:26 INFO JettyUtils: Start Jetty 0.0.0.0:4040 for SparkUI
[2025-05-30T18:14:26.477+0000] {subprocess.py:93} INFO - 25/05/30 18:14:26 INFO Utils: Successfully started service 'SparkUI' on port 4040.
[2025-05-30T18:14:26.585+0000] {subprocess.py:93} INFO - 25/05/30 18:14:26 INFO Executor: Starting executor ID driver on host 3640672cf49b
[2025-05-30T18:14:26.586+0000] {subprocess.py:93} INFO - 25/05/30 18:14:26 INFO Executor: OS info Linux, 5.15.146.1-microsoft-standard-WSL2, amd64
[2025-05-30T18:14:26.586+0000] {subprocess.py:93} INFO - 25/05/30 18:14:26 INFO Executor: Java version 17.0.10
[2025-05-30T18:14:26.593+0000] {subprocess.py:93} INFO - 25/05/30 18:14:26 INFO Executor: Starting executor with user classpath (userClassPathFirst = false): ''
[2025-05-30T18:14:26.594+0000] {subprocess.py:93} INFO - 25/05/30 18:14:26 INFO Executor: Created or updated repl class loader org.apache.spark.util.MutableURLClassLoader@633ce4e3 for default.
[2025-05-30T18:14:26.619+0000] {subprocess.py:93} INFO - 25/05/30 18:14:26 INFO Utils: Successfully started service 'org.apache.spark.network.netty.NettyBlockTransferService' on port 40845.
[2025-05-30T18:14:26.620+0000] {subprocess.py:93} INFO - 25/05/30 18:14:26 INFO NettyBlockTransferService: Server created on 3640672cf49b:40845
[2025-05-30T18:14:26.620+0000] {subprocess.py:93} INFO - 25/05/30 18:14:26 INFO BlockManager: Using org.apache.spark.storage.RandomBlockReplicationPolicy for block replication policy
[2025-05-30T18:14:26.626+0000] {subprocess.py:93} INFO - 25/05/30 18:14:26 INFO BlockManagerMaster: Registering BlockManager BlockManagerId(driver, 3640672cf49b, 40845, None)
[2025-05-30T18:14:26.630+0000] {subprocess.py:93} INFO - 25/05/30 18:14:26 INFO BlockManagerMasterEndpoint: Registering block manager 3640672cf49b:40845 with 434.4 MiB RAM, BlockManagerId(driver, 3640672cf49b, 40845, None)
[2025-05-30T18:14:26.633+0000] {subprocess.py:93} INFO - 25/05/30 18:14:26 INFO BlockManagerMaster: Registered BlockManager BlockManagerId(driver, 3640672cf49b, 40845, None)
[2025-05-30T18:14:26.634+0000] {subprocess.py:93} INFO - 25/05/30 18:14:26 INFO BlockManager: Initialized BlockManager: BlockManagerId(driver, 3640672cf49b, 40845, None)
[2025-05-30T18:14:27.026+0000] {subprocess.py:93} INFO - 25/05/30 18:14:27 INFO SharedState: Setting hive.metastore.warehouse.dir ('null') to the value of spark.sql.warehouse.dir.
[2025-05-30T18:14:27.035+0000] {subprocess.py:93} INFO - 25/05/30 18:14:27 INFO SharedState: Warehouse path is 'file:/app/spark-warehouse'.
[2025-05-30T18:14:27.840+0000] {subprocess.py:93} INFO - 25/05/30 18:14:27 INFO InMemoryFileIndex: It took 49 ms to list leaf files for 1 paths.
[2025-05-30T18:14:27.921+0000] {subprocess.py:93} INFO - 25/05/30 18:14:27 INFO InMemoryFileIndex: It took 13 ms to list leaf files for 1 paths.
[2025-05-30T18:14:29.785+0000] {subprocess.py:93} INFO - 25/05/30 18:14:29 INFO FileSourceStrategy: Pushed Filters:
[2025-05-30T18:14:29.788+0000] {subprocess.py:93} INFO - 25/05/30 18:14:29 INFO FileSourceStrategy: Post-Scan Filters: (length(trim(value#0, None)) > 0)
[2025-05-30T18:14:30.236+0000] {subprocess.py:93} INFO - 25/05/30 18:14:30 INFO CodeGenerator: Code generated in 158.309895 ms
[2025-05-30T18:14:30.285+0000] {subprocess.py:93} INFO - 25/05/30 18:14:30 INFO MemoryStore: Block broadcast_0 stored as values in memory (estimated size 201.2 KiB, free 434.2 MiB)
[2025-05-30T18:14:30.333+0000] {subprocess.py:93} INFO - 25/05/30 18:14:30 INFO MemoryStore: Block broadcast_0_piece0 stored as bytes in memory (estimated size 34.7 KiB, free 434.2 MiB)
[2025-05-30T18:14:30.336+0000] {subprocess.py:93} INFO - 25/05/30 18:14:30 INFO BlockManagerInfo: Added broadcast_0_piece0 in memory on 3640672cf49b:40845 (size: 34.7 KiB, free: 434.4 MiB)
[2025-05-30T18:14:30.340+0000] {subprocess.py:93} INFO - 25/05/30 18:14:30 INFO SparkContext: Created broadcast 0 from csv at NativeMethodAccessorImpl.java:0
[2025-05-30T18:14:30.351+0000] {subprocess.py:93} INFO - 25/05/30 18:14:30 INFO FileSourceScanExec: Planning scan with bin packing, max size: 4194304 bytes, open cost is considered as scanning 4194304 bytes.
[2025-05-30T18:14:30.455+0000] {subprocess.py:93} INFO - 25/05/30 18:14:30 INFO SparkContext: Starting job: csv at NativeMethodAccessorImpl.java:0
[2025-05-30T18:14:30.471+0000] {subprocess.py:93} INFO - 25/05/30 18:14:30 INFO DAGScheduler: Got job 0 (csv at NativeMethodAccessorImpl.java:0) with 1 output partitions
[2025-05-30T18:14:30.472+0000] {subprocess.py:93} INFO - 25/05/30 18:14:30 INFO DAGScheduler: Final stage: ResultStage 0 (csv at NativeMethodAccessorImpl.java:0)
[2025-05-30T18:14:30.472+0000] {subprocess.py:93} INFO - 25/05/30 18:14:30 INFO DAGScheduler: Parents of final stage: List()
[2025-05-30T18:14:30.473+0000] {subprocess.py:93} INFO - 25/05/30 18:14:30 INFO DAGScheduler: Missing parents: List()
[2025-05-30T18:14:30.476+0000] {subprocess.py:93} INFO - 25/05/30 18:14:30 INFO DAGScheduler: Submitting ResultStage 0 (MapPartitionsRDD[3] at csv at NativeMethodAccessorImpl.java:0), which has no missing parents
[2025-05-30T18:14:30.562+0000] {subprocess.py:93} INFO - 25/05/30 18:14:30 INFO MemoryStore: Block broadcast_1 stored as values in memory (estimated size 13.5 KiB, free 434.2 MiB)
[2025-05-30T18:14:30.565+0000] {subprocess.py:93} INFO - 25/05/30 18:14:30 INFO MemoryStore: Block broadcast_1_piece0 stored as bytes in memory (estimated size 6.4 KiB, free 434.2 MiB)
[2025-05-30T18:14:30.565+0000] {subprocess.py:93} INFO - 25/05/30 18:14:30 INFO BlockManagerInfo: Added broadcast_1_piece0 in memory on 3640672cf49b:40845 (size: 6.4 KiB, free: 434.4 MiB)
[2025-05-30T18:14:30.566+0000] {subprocess.py:93} INFO - 25/05/30 18:14:30 INFO SparkContext: Created broadcast 1 from broadcast at DAGScheduler.scala:1580
[2025-05-30T18:14:30.581+0000] {subprocess.py:93} INFO - 25/05/30 18:14:30 INFO DAGScheduler: Submitting 1 missing tasks from ResultStage 0 (MapPartitionsRDD[3] at csv at NativeMethodAccessorImpl.java:0) (first 15 tasks are for partitions Vector(0))
[2025-05-30T18:14:30.582+0000] {subprocess.py:93} INFO - 25/05/30 18:14:30 INFO TaskSchedulerImpl: Adding task set 0.0 with 1 tasks resource profile 0
[2025-05-30T18:14:30.628+0000] {subprocess.py:93} INFO - 25/05/30 18:14:30 INFO TaskSetManager: Starting task 0.0 in stage 0.0 (TID 0) (3640672cf49b, executor driver, partition 0, PROCESS_LOCAL, 8224 bytes)
[2025-05-30T18:14:30.649+0000] {subprocess.py:93} INFO - 25/05/30 18:14:30 INFO Executor: Running task 0.0 in stage 0.0 (TID 0)
[2025-05-30T18:14:30.783+0000] {subprocess.py:93} INFO - 25/05/30 18:14:30 INFO CodeGenerator: Code generated in 17.617876 ms
[2025-05-30T18:14:30.788+0000] {subprocess.py:93} INFO - 25/05/30 18:14:30 INFO FileScanRDD: Reading File path: file:///app/data/raw/usuarios_ecobici_2024.csv, range: 0-4194304, partition values: [empty row]
[2025-05-30T18:14:30.815+0000] {subprocess.py:93} INFO - 25/05/30 18:14:30 INFO CodeGenerator: Code generated in 14.443124 ms
[2025-05-30T18:14:30.870+0000] {subprocess.py:93} INFO - 25/05/30 18:14:30 INFO LineRecordReader: Found UTF-8 BOM and skipped it
[2025-05-30T18:14:30.898+0000] {subprocess.py:93} INFO - 25/05/30 18:14:30 INFO Executor: Finished task 0.0 in stage 0.0 (TID 0). 1660 bytes result sent to driver
[2025-05-30T18:14:30.908+0000] {subprocess.py:93} INFO - 25/05/30 18:14:30 INFO TaskSetManager: Finished task 0.0 in stage 0.0 (TID 0) in 295 ms on 3640672cf49b (executor driver) (1/1)
[2025-05-30T18:14:30.911+0000] {subprocess.py:93} INFO - 25/05/30 18:14:30 INFO TaskSchedulerImpl: Removed TaskSet 0.0, whose tasks have all completed, from pool
[2025-05-30T18:14:30.917+0000] {subprocess.py:93} INFO - 25/05/30 18:14:30 INFO DAGScheduler: ResultStage 0 (csv at NativeMethodAccessorImpl.java:0) finished in 0.428 s
[2025-05-30T18:14:30.919+0000] {subprocess.py:93} INFO - 25/05/30 18:14:30 INFO DAGScheduler: Job 0 is finished. Cancelling potential speculative or zombie tasks for this job
[2025-05-30T18:14:30.920+0000] {subprocess.py:93} INFO - 25/05/30 18:14:30 INFO TaskSchedulerImpl: Killing all running tasks in stage 0: Stage finished
[2025-05-30T18:14:30.922+0000] {subprocess.py:93} INFO - 25/05/30 18:14:30 INFO DAGScheduler: Job 0 finished: csv at NativeMethodAccessorImpl.java:0, took 0.467117 s
[2025-05-30T18:14:30.941+0000] {subprocess.py:93} INFO - 25/05/30 18:14:30 INFO CodeGenerator: Code generated in 6.73526 ms
[2025-05-30T18:14:30.987+0000] {subprocess.py:93} INFO - 25/05/30 18:14:30 INFO BlockManagerInfo: Removed broadcast_1_piece0 on 3640672cf49b:40845 in memory (size: 6.4 KiB, free: 434.4 MiB)
[2025-05-30T18:14:30.997+0000] {subprocess.py:93} INFO - 25/05/30 18:14:30 INFO FileSourceStrategy: Pushed Filters:
[2025-05-30T18:14:30.998+0000] {subprocess.py:93} INFO - 25/05/30 18:14:30 INFO FileSourceStrategy: Post-Scan Filters:
[2025-05-30T18:14:31.005+0000] {subprocess.py:93} INFO - 25/05/30 18:14:31 INFO MemoryStore: Block broadcast_2 stored as values in memory (estimated size 201.2 KiB, free 434.0 MiB)
[2025-05-30T18:14:31.021+0000] {subprocess.py:93} INFO - 25/05/30 18:14:31 INFO MemoryStore: Block broadcast_2_piece0 stored as bytes in memory (estimated size 34.7 KiB, free 433.9 MiB)
[2025-05-30T18:14:31.022+0000] {subprocess.py:93} INFO - 25/05/30 18:14:31 INFO BlockManagerInfo: Added broadcast_2_piece0 in memory on 3640672cf49b:40845 (size: 34.7 KiB, free: 434.3 MiB)
[2025-05-30T18:14:31.024+0000] {subprocess.py:93} INFO - 25/05/30 18:14:31 INFO SparkContext: Created broadcast 2 from csv at NativeMethodAccessorImpl.java:0
[2025-05-30T18:14:31.025+0000] {subprocess.py:93} INFO - 25/05/30 18:14:31 INFO FileSourceScanExec: Planning scan with bin packing, max size: 4194304 bytes, open cost is considered as scanning 4194304 bytes.
[2025-05-30T18:14:31.081+0000] {subprocess.py:93} INFO - root
[2025-05-30T18:14:31.082+0000] {subprocess.py:93} INFO -  |-- id_usuario: string (nullable = true)
[2025-05-30T18:14:31.082+0000] {subprocess.py:93} INFO -  |-- genero_usuario: string (nullable = true)
[2025-05-30T18:14:31.083+0000] {subprocess.py:93} INFO -  |-- edad_usuario: string (nullable = true)
[2025-05-30T18:14:31.083+0000] {subprocess.py:93} INFO -  |-- fecha_alta: string (nullable = true)
[2025-05-30T18:14:31.083+0000] {subprocess.py:93} INFO -  |-- hora_alta: string (nullable = true)
[2025-05-30T18:14:31.084+0000] {subprocess.py:93} INFO - 
[2025-05-30T18:14:31.133+0000] {subprocess.py:93} INFO - 25/05/30 18:14:31 INFO FileSourceStrategy: Pushed Filters:
[2025-05-30T18:14:31.134+0000] {subprocess.py:93} INFO - 25/05/30 18:14:31 INFO FileSourceStrategy: Post-Scan Filters:
[2025-05-30T18:14:31.201+0000] {subprocess.py:93} INFO - 25/05/30 18:14:31 INFO CodeGenerator: Code generated in 20.285966 ms
[2025-05-30T18:14:31.206+0000] {subprocess.py:93} INFO - 25/05/30 18:14:31 INFO MemoryStore: Block broadcast_3 stored as values in memory (estimated size 201.1 KiB, free 433.7 MiB)
[2025-05-30T18:14:31.227+0000] {subprocess.py:93} INFO - 25/05/30 18:14:31 INFO MemoryStore: Block broadcast_3_piece0 stored as bytes in memory (estimated size 34.7 KiB, free 433.7 MiB)
[2025-05-30T18:14:31.228+0000] {subprocess.py:93} INFO - 25/05/30 18:14:31 INFO BlockManagerInfo: Added broadcast_3_piece0 in memory on 3640672cf49b:40845 (size: 34.7 KiB, free: 434.3 MiB)
[2025-05-30T18:14:31.230+0000] {subprocess.py:93} INFO - 25/05/30 18:14:31 INFO SparkContext: Created broadcast 3 from showString at NativeMethodAccessorImpl.java:0
[2025-05-30T18:14:31.234+0000] {subprocess.py:93} INFO - 25/05/30 18:14:31 INFO FileSourceScanExec: Planning scan with bin packing, max size: 4194304 bytes, open cost is considered as scanning 4194304 bytes.
[2025-05-30T18:14:31.252+0000] {subprocess.py:93} INFO - 25/05/30 18:14:31 INFO SparkContext: Starting job: showString at NativeMethodAccessorImpl.java:0
[2025-05-30T18:14:31.254+0000] {subprocess.py:93} INFO - 25/05/30 18:14:31 INFO DAGScheduler: Got job 1 (showString at NativeMethodAccessorImpl.java:0) with 1 output partitions
[2025-05-30T18:14:31.254+0000] {subprocess.py:93} INFO - 25/05/30 18:14:31 INFO DAGScheduler: Final stage: ResultStage 1 (showString at NativeMethodAccessorImpl.java:0)
[2025-05-30T18:14:31.255+0000] {subprocess.py:93} INFO - 25/05/30 18:14:31 INFO DAGScheduler: Parents of final stage: List()
[2025-05-30T18:14:31.256+0000] {subprocess.py:93} INFO - 25/05/30 18:14:31 INFO DAGScheduler: Missing parents: List()
[2025-05-30T18:14:31.256+0000] {subprocess.py:93} INFO - 25/05/30 18:14:31 INFO DAGScheduler: Submitting ResultStage 1 (MapPartitionsRDD[13] at showString at NativeMethodAccessorImpl.java:0), which has no missing parents
[2025-05-30T18:14:31.263+0000] {subprocess.py:93} INFO - 25/05/30 18:14:31 INFO MemoryStore: Block broadcast_4 stored as values in memory (estimated size 16.5 KiB, free 433.7 MiB)
[2025-05-30T18:14:31.270+0000] {subprocess.py:93} INFO - 25/05/30 18:14:31 INFO MemoryStore: Block broadcast_4_piece0 stored as bytes in memory (estimated size 7.6 KiB, free 433.7 MiB)
[2025-05-30T18:14:31.271+0000] {subprocess.py:93} INFO - 25/05/30 18:14:31 INFO BlockManagerInfo: Added broadcast_4_piece0 in memory on 3640672cf49b:40845 (size: 7.6 KiB, free: 434.3 MiB)
[2025-05-30T18:14:31.272+0000] {subprocess.py:93} INFO - 25/05/30 18:14:31 INFO SparkContext: Created broadcast 4 from broadcast at DAGScheduler.scala:1580
[2025-05-30T18:14:31.274+0000] {subprocess.py:93} INFO - 25/05/30 18:14:31 INFO DAGScheduler: Submitting 1 missing tasks from ResultStage 1 (MapPartitionsRDD[13] at showString at NativeMethodAccessorImpl.java:0) (first 15 tasks are for partitions Vector(0))
[2025-05-30T18:14:31.274+0000] {subprocess.py:93} INFO - 25/05/30 18:14:31 INFO TaskSchedulerImpl: Adding task set 1.0 with 1 tasks resource profile 0
[2025-05-30T18:14:31.279+0000] {subprocess.py:93} INFO - 25/05/30 18:14:31 INFO TaskSetManager: Starting task 0.0 in stage 1.0 (TID 1) (3640672cf49b, executor driver, partition 0, PROCESS_LOCAL, 8224 bytes)
[2025-05-30T18:14:31.280+0000] {subprocess.py:93} INFO - 25/05/30 18:14:31 INFO Executor: Running task 0.0 in stage 1.0 (TID 1)
[2025-05-30T18:14:31.308+0000] {subprocess.py:93} INFO - 25/05/30 18:14:31 INFO CodeGenerator: Code generated in 15.04028 ms
[2025-05-30T18:14:31.311+0000] {subprocess.py:93} INFO - 25/05/30 18:14:31 INFO FileScanRDD: Reading File path: file:///app/data/raw/usuarios_ecobici_2024.csv, range: 0-4194304, partition values: [empty row]
[2025-05-30T18:14:31.325+0000] {subprocess.py:93} INFO - 25/05/30 18:14:31 INFO CodeGenerator: Code generated in 9.619184 ms
[2025-05-30T18:14:31.372+0000] {subprocess.py:93} INFO - 25/05/30 18:14:31 INFO LineRecordReader: Found UTF-8 BOM and skipped it
[2025-05-30T18:14:31.391+0000] {subprocess.py:93} INFO - 25/05/30 18:14:31 INFO Executor: Finished task 0.0 in stage 1.0 (TID 1). 1804 bytes result sent to driver
[2025-05-30T18:14:31.396+0000] {subprocess.py:93} INFO - 25/05/30 18:14:31 INFO TaskSetManager: Finished task 0.0 in stage 1.0 (TID 1) in 115 ms on 3640672cf49b (executor driver) (1/1)
[2025-05-30T18:14:31.397+0000] {subprocess.py:93} INFO - 25/05/30 18:14:31 INFO TaskSchedulerImpl: Removed TaskSet 1.0, whose tasks have all completed, from pool
[2025-05-30T18:14:31.397+0000] {subprocess.py:93} INFO - 25/05/30 18:14:31 INFO DAGScheduler: ResultStage 1 (showString at NativeMethodAccessorImpl.java:0) finished in 0.138 s
[2025-05-30T18:14:31.398+0000] {subprocess.py:93} INFO - 25/05/30 18:14:31 INFO DAGScheduler: Job 1 is finished. Cancelling potential speculative or zombie tasks for this job
[2025-05-30T18:14:31.398+0000] {subprocess.py:93} INFO - 25/05/30 18:14:31 INFO TaskSchedulerImpl: Killing all running tasks in stage 1: Stage finished
[2025-05-30T18:14:31.399+0000] {subprocess.py:93} INFO - 25/05/30 18:14:31 INFO DAGScheduler: Job 1 finished: showString at NativeMethodAccessorImpl.java:0, took 0.143795 s
[2025-05-30T18:14:31.421+0000] {subprocess.py:93} INFO - 25/05/30 18:14:31 INFO CodeGenerator: Code generated in 15.246978 ms
[2025-05-30T18:14:31.430+0000] {subprocess.py:93} INFO - +----------+--------------+------------+----------+---------+
[2025-05-30T18:14:31.431+0000] {subprocess.py:93} INFO - |id_usuario|genero_usuario|edad_usuario|fecha_alta|hora_alta|
[2025-05-30T18:14:31.431+0000] {subprocess.py:93} INFO - +----------+--------------+------------+----------+---------+
[2025-05-30T18:14:31.432+0000] {subprocess.py:93} INFO - |   1094487|         OTHER|          35|2024-01-18| 09:21:02|
[2025-05-30T18:14:31.432+0000] {subprocess.py:93} INFO - |   1097128|        FEMALE|          21|2024-01-21| 23:02:26|
[2025-05-30T18:14:31.433+0000] {subprocess.py:93} INFO - |   1102901|         OTHER|          19|2024-01-29| 19:33:32|
[2025-05-30T18:14:31.433+0000] {subprocess.py:93} INFO - |   1096100|        FEMALE|          29|2024-01-20| 18:57:05|
[2025-05-30T18:14:31.434+0000] {subprocess.py:93} INFO - |   1103049|          MALE|          21|2024-01-30| 00:49:33|
[2025-05-30T18:14:31.434+0000] {subprocess.py:93} INFO - +----------+--------------+------------+----------+---------+
[2025-05-30T18:14:31.435+0000] {subprocess.py:93} INFO - only showing top 5 rows
[2025-05-30T18:14:31.435+0000] {subprocess.py:93} INFO - 
[2025-05-30T18:14:31.564+0000] {subprocess.py:93} INFO - 25/05/30 18:14:31 WARN MetricsConfig: Cannot locate configuration: tried hadoop-metrics2-s3a-file-system.properties,hadoop-metrics2.properties
[2025-05-30T18:14:31.578+0000] {subprocess.py:93} INFO - 25/05/30 18:14:31 INFO MetricsSystemImpl: Scheduled Metric snapshot period at 10 second(s).
[2025-05-30T18:14:31.579+0000] {subprocess.py:93} INFO - 25/05/30 18:14:31 INFO MetricsSystemImpl: s3a-file-system metrics system started
[2025-05-30T18:14:32.152+0000] {subprocess.py:93} INFO - 25/05/30 18:14:32 INFO FileSourceStrategy: Pushed Filters:
[2025-05-30T18:14:32.152+0000] {subprocess.py:93} INFO - 25/05/30 18:14:32 INFO FileSourceStrategy: Post-Scan Filters: atleastnnonnulls(5, id_usuario#17, genero_usuario#18, edad_usuario#19, fecha_alta#20, hora_alta#21)
[2025-05-30T18:14:32.559+0000] {subprocess.py:93} INFO - 25/05/30 18:14:32 WARN AbstractS3ACommitterFactory: Using standard FileOutputCommitter to commit work. This is slow and potentially unsafe.
[2025-05-30T18:14:32.560+0000] {subprocess.py:93} INFO - 25/05/30 18:14:32 INFO FileOutputCommitter: File Output Committer Algorithm version is 1
[2025-05-30T18:14:32.562+0000] {subprocess.py:93} INFO - 25/05/30 18:14:32 INFO FileOutputCommitter: FileOutputCommitter skip cleanup _temporary folders under output directory:false, ignore cleanup failures: false
[2025-05-30T18:14:32.567+0000] {subprocess.py:93} INFO - 25/05/30 18:14:32 INFO AbstractS3ACommitterFactory: Using Committer FileOutputCommitter{PathOutputCommitter{context=TaskAttemptContextImpl{JobContextImpl{jobId=job_202505301814328213291061398791235_0000}; taskId=attempt_202505301814328213291061398791235_0000_m_000000_0, status=''}; org.apache.hadoop.mapreduce.lib.output.FileOutputCommitter@4c505669}; outputPath=s3a://urban-mobility/usuarios/usuarios_ecobici_limpio.csv, workPath=s3a://urban-mobility/usuarios/usuarios_ecobici_limpio.csv/_temporary/0/_temporary/attempt_202505301814328213291061398791235_0000_m_000000_0, algorithmVersion=1, skipCleanup=false, ignoreCleanupFailures=false} for s3a://urban-mobility/usuarios/usuarios_ecobici_limpio.csv
[2025-05-30T18:14:32.568+0000] {subprocess.py:93} INFO - 25/05/30 18:14:32 INFO SQLHadoopMapReduceCommitProtocol: Using output committer class org.apache.hadoop.mapreduce.lib.output.FileOutputCommitter
[2025-05-30T18:14:32.645+0000] {subprocess.py:93} INFO - 25/05/30 18:14:32 INFO CodeGenerator: Code generated in 14.387369 ms
[2025-05-30T18:14:32.650+0000] {subprocess.py:93} INFO - 25/05/30 18:14:32 INFO MemoryStore: Block broadcast_5 stored as values in memory (estimated size 201.1 KiB, free 433.5 MiB)
[2025-05-30T18:14:32.662+0000] {subprocess.py:93} INFO - 25/05/30 18:14:32 INFO MemoryStore: Block broadcast_5_piece0 stored as bytes in memory (estimated size 34.7 KiB, free 433.5 MiB)
[2025-05-30T18:14:32.664+0000] {subprocess.py:93} INFO - 25/05/30 18:14:32 INFO BlockManagerInfo: Added broadcast_5_piece0 in memory on 3640672cf49b:40845 (size: 34.7 KiB, free: 434.3 MiB)
[2025-05-30T18:14:32.666+0000] {subprocess.py:93} INFO - 25/05/30 18:14:32 INFO SparkContext: Created broadcast 5 from csv at NativeMethodAccessorImpl.java:0
[2025-05-30T18:14:32.678+0000] {subprocess.py:93} INFO - 25/05/30 18:14:32 INFO FileSourceScanExec: Planning scan with bin packing, max size: 4194304 bytes, open cost is considered as scanning 4194304 bytes.
[2025-05-30T18:14:32.695+0000] {subprocess.py:93} INFO - 25/05/30 18:14:32 INFO SparkContext: Starting job: csv at NativeMethodAccessorImpl.java:0
[2025-05-30T18:14:32.696+0000] {subprocess.py:93} INFO - 25/05/30 18:14:32 INFO DAGScheduler: Got job 2 (csv at NativeMethodAccessorImpl.java:0) with 2 output partitions
[2025-05-30T18:14:32.697+0000] {subprocess.py:93} INFO - 25/05/30 18:14:32 INFO DAGScheduler: Final stage: ResultStage 2 (csv at NativeMethodAccessorImpl.java:0)
[2025-05-30T18:14:32.698+0000] {subprocess.py:93} INFO - 25/05/30 18:14:32 INFO DAGScheduler: Parents of final stage: List()
[2025-05-30T18:14:32.699+0000] {subprocess.py:93} INFO - 25/05/30 18:14:32 INFO DAGScheduler: Missing parents: List()
[2025-05-30T18:14:32.699+0000] {subprocess.py:93} INFO - 25/05/30 18:14:32 INFO DAGScheduler: Submitting ResultStage 2 (MapPartitionsRDD[17] at csv at NativeMethodAccessorImpl.java:0), which has no missing parents
[2025-05-30T18:14:32.728+0000] {subprocess.py:93} INFO - 25/05/30 18:14:32 INFO MemoryStore: Block broadcast_6 stored as values in memory (estimated size 218.6 KiB, free 433.2 MiB)
[2025-05-30T18:14:32.730+0000] {subprocess.py:93} INFO - 25/05/30 18:14:32 INFO MemoryStore: Block broadcast_6_piece0 stored as bytes in memory (estimated size 78.6 KiB, free 433.2 MiB)
[2025-05-30T18:14:32.732+0000] {subprocess.py:93} INFO - 25/05/30 18:14:32 INFO BlockManagerInfo: Added broadcast_6_piece0 in memory on 3640672cf49b:40845 (size: 78.6 KiB, free: 434.2 MiB)
[2025-05-30T18:14:32.733+0000] {subprocess.py:93} INFO - 25/05/30 18:14:32 INFO SparkContext: Created broadcast 6 from broadcast at DAGScheduler.scala:1580
[2025-05-30T18:14:32.734+0000] {subprocess.py:93} INFO - 25/05/30 18:14:32 INFO DAGScheduler: Submitting 2 missing tasks from ResultStage 2 (MapPartitionsRDD[17] at csv at NativeMethodAccessorImpl.java:0) (first 15 tasks are for partitions Vector(0, 1))
[2025-05-30T18:14:32.734+0000] {subprocess.py:93} INFO - 25/05/30 18:14:32 INFO TaskSchedulerImpl: Adding task set 2.0 with 2 tasks resource profile 0
[2025-05-30T18:14:32.737+0000] {subprocess.py:93} INFO - 25/05/30 18:14:32 INFO TaskSetManager: Starting task 0.0 in stage 2.0 (TID 2) (3640672cf49b, executor driver, partition 0, PROCESS_LOCAL, 8224 bytes)
[2025-05-30T18:14:32.737+0000] {subprocess.py:93} INFO - 25/05/30 18:14:32 INFO TaskSetManager: Starting task 1.0 in stage 2.0 (TID 3) (3640672cf49b, executor driver, partition 1, PROCESS_LOCAL, 8224 bytes)
[2025-05-30T18:14:32.738+0000] {subprocess.py:93} INFO - 25/05/30 18:14:32 INFO Executor: Running task 0.0 in stage 2.0 (TID 2)
[2025-05-30T18:14:32.739+0000] {subprocess.py:93} INFO - 25/05/30 18:14:32 INFO Executor: Running task 1.0 in stage 2.0 (TID 3)
[2025-05-30T18:14:32.815+0000] {subprocess.py:93} INFO - 25/05/30 18:14:32 INFO CodeGenerator: Code generated in 14.398233 ms
[2025-05-30T18:14:32.819+0000] {subprocess.py:93} INFO - 25/05/30 18:14:32 WARN AbstractS3ACommitterFactory: Using standard FileOutputCommitter to commit work. This is slow and potentially unsafe.
[2025-05-30T18:14:32.820+0000] {subprocess.py:93} INFO - 25/05/30 18:14:32 WARN AbstractS3ACommitterFactory: Using standard FileOutputCommitter to commit work. This is slow and potentially unsafe.
[2025-05-30T18:14:32.821+0000] {subprocess.py:93} INFO - 25/05/30 18:14:32 INFO FileOutputCommitter: File Output Committer Algorithm version is 1
[2025-05-30T18:14:32.822+0000] {subprocess.py:93} INFO - 25/05/30 18:14:32 INFO FileOutputCommitter: File Output Committer Algorithm version is 1
[2025-05-30T18:14:32.823+0000] {subprocess.py:93} INFO - 25/05/30 18:14:32 INFO FileOutputCommitter: FileOutputCommitter skip cleanup _temporary folders under output directory:false, ignore cleanup failures: false
[2025-05-30T18:14:32.826+0000] {subprocess.py:93} INFO - 25/05/30 18:14:32 INFO FileOutputCommitter: FileOutputCommitter skip cleanup _temporary folders under output directory:false, ignore cleanup failures: false
[2025-05-30T18:14:32.826+0000] {subprocess.py:93} INFO - 25/05/30 18:14:32 INFO AbstractS3ACommitterFactory: Using Committer FileOutputCommitter{PathOutputCommitter{context=TaskAttemptContextImpl{JobContextImpl{jobId=job_202505301814327719439093793822444_0002}; taskId=attempt_202505301814327719439093793822444_0002_m_000000_2, status=''}; org.apache.hadoop.mapreduce.lib.output.FileOutputCommitter@59700e48}; outputPath=s3a://urban-mobility/usuarios/usuarios_ecobici_limpio.csv, workPath=s3a://urban-mobility/usuarios/usuarios_ecobici_limpio.csv/_temporary/0/_temporary/attempt_202505301814327719439093793822444_0002_m_000000_2, algorithmVersion=1, skipCleanup=false, ignoreCleanupFailures=false} for s3a://urban-mobility/usuarios/usuarios_ecobici_limpio.csv
[2025-05-30T18:14:32.827+0000] {subprocess.py:93} INFO - 25/05/30 18:14:32 INFO SQLHadoopMapReduceCommitProtocol: Using output committer class org.apache.hadoop.mapreduce.lib.output.FileOutputCommitter
[2025-05-30T18:14:32.828+0000] {subprocess.py:93} INFO - 25/05/30 18:14:32 INFO AbstractS3ACommitterFactory: Using Committer FileOutputCommitter{PathOutputCommitter{context=TaskAttemptContextImpl{JobContextImpl{jobId=job_202505301814327719439093793822444_0002}; taskId=attempt_202505301814327719439093793822444_0002_m_000001_3, status=''}; org.apache.hadoop.mapreduce.lib.output.FileOutputCommitter@de9106}; outputPath=s3a://urban-mobility/usuarios/usuarios_ecobici_limpio.csv, workPath=s3a://urban-mobility/usuarios/usuarios_ecobici_limpio.csv/_temporary/0/_temporary/attempt_202505301814327719439093793822444_0002_m_000001_3, algorithmVersion=1, skipCleanup=false, ignoreCleanupFailures=false} for s3a://urban-mobility/usuarios/usuarios_ecobici_limpio.csv
[2025-05-30T18:14:32.828+0000] {subprocess.py:93} INFO - 25/05/30 18:14:32 INFO SQLHadoopMapReduceCommitProtocol: Using output committer class org.apache.hadoop.mapreduce.lib.output.FileOutputCommitter
[2025-05-30T18:14:32.829+0000] {subprocess.py:93} INFO - 25/05/30 18:14:32 INFO FileScanRDD: Reading File path: file:///app/data/raw/usuarios_ecobici_2024.csv, range: 4194304-7282639, partition values: [empty row]
[2025-05-30T18:14:32.881+0000] {subprocess.py:93} INFO - 25/05/30 18:14:32 INFO FileScanRDD: Reading File path: file:///app/data/raw/usuarios_ecobici_2024.csv, range: 0-4194304, partition values: [empty row]
[2025-05-30T18:14:32.897+0000] {subprocess.py:93} INFO - 25/05/30 18:14:32 INFO LineRecordReader: Found UTF-8 BOM and skipped it
[2025-05-30T18:14:33.025+0000] {subprocess.py:93} INFO - 25/05/30 18:14:33 INFO BlockManagerInfo: Removed broadcast_4_piece0 on 3640672cf49b:40845 in memory (size: 7.6 KiB, free: 434.2 MiB)
[2025-05-30T18:14:33.031+0000] {subprocess.py:93} INFO - 25/05/30 18:14:33 INFO BlockManagerInfo: Removed broadcast_3_piece0 on 3640672cf49b:40845 in memory (size: 34.7 KiB, free: 434.2 MiB)
[2025-05-30T18:14:33.604+0000] {subprocess.py:93} INFO - 25/05/30 18:14:33 INFO FileOutputCommitter: Saved output of task 'attempt_202505301814327719439093793822444_0002_m_000001_3' to s3a://urban-mobility/usuarios/usuarios_ecobici_limpio.csv/_temporary/0/task_202505301814327719439093793822444_0002_m_000001
[2025-05-30T18:14:33.605+0000] {subprocess.py:93} INFO - 25/05/30 18:14:33 INFO SparkHadoopMapRedUtil: attempt_202505301814327719439093793822444_0002_m_000001_3: Committed. Elapsed time: 142 ms.
[2025-05-30T18:14:33.624+0000] {subprocess.py:93} INFO - 25/05/30 18:14:33 INFO Executor: Finished task 1.0 in stage 2.0 (TID 3). 2669 bytes result sent to driver
[2025-05-30T18:14:33.629+0000] {subprocess.py:93} INFO - 25/05/30 18:14:33 INFO TaskSetManager: Finished task 1.0 in stage 2.0 (TID 3) in 892 ms on 3640672cf49b (executor driver) (1/2)
[2025-05-30T18:14:33.716+0000] {subprocess.py:93} INFO - 25/05/30 18:14:33 INFO FileOutputCommitter: Saved output of task 'attempt_202505301814327719439093793822444_0002_m_000000_2' to s3a://urban-mobility/usuarios/usuarios_ecobici_limpio.csv/_temporary/0/task_202505301814327719439093793822444_0002_m_000000
[2025-05-30T18:14:33.716+0000] {subprocess.py:93} INFO - 25/05/30 18:14:33 INFO SparkHadoopMapRedUtil: attempt_202505301814327719439093793822444_0002_m_000000_2: Committed. Elapsed time: 162 ms.
[2025-05-30T18:14:33.718+0000] {subprocess.py:93} INFO - 25/05/30 18:14:33 INFO Executor: Finished task 0.0 in stage 2.0 (TID 2). 2626 bytes result sent to driver
[2025-05-30T18:14:33.721+0000] {subprocess.py:93} INFO - 25/05/30 18:14:33 INFO TaskSetManager: Finished task 0.0 in stage 2.0 (TID 2) in 986 ms on 3640672cf49b (executor driver) (2/2)
[2025-05-30T18:14:33.722+0000] {subprocess.py:93} INFO - 25/05/30 18:14:33 INFO TaskSchedulerImpl: Removed TaskSet 2.0, whose tasks have all completed, from pool
[2025-05-30T18:14:33.725+0000] {subprocess.py:93} INFO - 25/05/30 18:14:33 INFO DAGScheduler: ResultStage 2 (csv at NativeMethodAccessorImpl.java:0) finished in 1.022 s
[2025-05-30T18:14:33.726+0000] {subprocess.py:93} INFO - 25/05/30 18:14:33 INFO DAGScheduler: Job 2 is finished. Cancelling potential speculative or zombie tasks for this job
[2025-05-30T18:14:33.726+0000] {subprocess.py:93} INFO - 25/05/30 18:14:33 INFO TaskSchedulerImpl: Killing all running tasks in stage 2: Stage finished
[2025-05-30T18:14:33.727+0000] {subprocess.py:93} INFO - 25/05/30 18:14:33 INFO DAGScheduler: Job 2 finished: csv at NativeMethodAccessorImpl.java:0, took 1.028999 s
[2025-05-30T18:14:33.727+0000] {subprocess.py:93} INFO - 25/05/30 18:14:33 INFO FileFormatWriter: Start to commit write Job 3aad3605-67b0-4faf-843d-53424fd89803.
[2025-05-30T18:14:33.996+0000] {subprocess.py:93} INFO - 25/05/30 18:14:33 INFO FileFormatWriter: Write Job 3aad3605-67b0-4faf-843d-53424fd89803 committed. Elapsed time: 268 ms.
[2025-05-30T18:14:33.999+0000] {subprocess.py:93} INFO - 25/05/30 18:14:33 INFO FileFormatWriter: Finished processing stats for write job 3aad3605-67b0-4faf-843d-53424fd89803.
[2025-05-30T18:14:34.003+0000] {subprocess.py:93} INFO - 25/05/30 18:14:34 INFO SparkContext: SparkContext is stopping with exitCode 0.
[2025-05-30T18:14:34.015+0000] {subprocess.py:93} INFO - 25/05/30 18:14:34 INFO SparkUI: Stopped Spark web UI at http://3640672cf49b:4040
[2025-05-30T18:14:34.026+0000] {subprocess.py:93} INFO - 25/05/30 18:14:34 INFO MapOutputTrackerMasterEndpoint: MapOutputTrackerMasterEndpoint stopped!
[2025-05-30T18:14:34.050+0000] {subprocess.py:93} INFO - 25/05/30 18:14:34 INFO MemoryStore: MemoryStore cleared
[2025-05-30T18:14:34.050+0000] {subprocess.py:93} INFO - 25/05/30 18:14:34 INFO BlockManager: BlockManager stopped
[2025-05-30T18:14:34.054+0000] {subprocess.py:93} INFO - 25/05/30 18:14:34 INFO BlockManagerMaster: BlockManagerMaster stopped
[2025-05-30T18:14:34.055+0000] {subprocess.py:93} INFO - 25/05/30 18:14:34 INFO OutputCommitCoordinator$OutputCommitCoordinatorEndpoint: OutputCommitCoordinator stopped!
[2025-05-30T18:14:34.103+0000] {subprocess.py:93} INFO - 25/05/30 18:14:34 INFO SparkContext: Successfully stopped SparkContext
[2025-05-30T18:14:34.369+0000] {subprocess.py:93} INFO - 25/05/30 18:14:34 INFO ShutdownHookManager: Shutdown hook called
[2025-05-30T18:14:34.370+0000] {subprocess.py:93} INFO - 25/05/30 18:14:34 INFO ShutdownHookManager: Deleting directory /tmp/spark-d96b8211-7ec7-4ea9-8dc4-1f5216d537d8
[2025-05-30T18:14:34.382+0000] {subprocess.py:93} INFO - 25/05/30 18:14:34 INFO ShutdownHookManager: Deleting directory /tmp/spark-e289adec-3c91-445d-be2a-1c586377a00f
[2025-05-30T18:14:34.399+0000] {subprocess.py:93} INFO - 25/05/30 18:14:34 INFO ShutdownHookManager: Deleting directory /tmp/spark-e289adec-3c91-445d-be2a-1c586377a00f/pyspark-94d18907-2407-430c-aab0-3489fd71b39d
[2025-05-30T18:14:34.412+0000] {subprocess.py:93} INFO - 25/05/30 18:14:34 INFO MetricsSystemImpl: Stopping s3a-file-system metrics system...
[2025-05-30T18:14:34.412+0000] {subprocess.py:93} INFO - 25/05/30 18:14:34 INFO MetricsSystemImpl: s3a-file-system metrics system stopped.
[2025-05-30T18:14:34.413+0000] {subprocess.py:93} INFO - 25/05/30 18:14:34 INFO MetricsSystemImpl: s3a-file-system metrics system shutdown complete.
[2025-05-30T18:14:34.444+0000] {subprocess.py:97} INFO - Command exited with return code 0
[2025-05-30T18:14:34.519+0000] {taskinstance.py:1138} INFO - Marking task as SUCCESS. dag_id=etl_ecobici, task_id=procesar_datos, execution_date=20250530T181408, start_date=20250530T181422, end_date=20250530T181434
[2025-05-30T18:14:34.595+0000] {local_task_job_runner.py:234} INFO - Task exited with return code 0
[2025-05-30T18:14:34.631+0000] {taskinstance.py:3280} INFO - 1 downstream tasks scheduled from follow-on schedule check
