[2025-05-30T14:23:28.250+0000] {taskinstance.py:1956} INFO - Dependencies all met for dep_context=non-requeueable deps ti=<TaskInstance: etl_ecobici.procesar_datos manual__2025-05-30T14:23:09.742255+00:00 [queued]>
[2025-05-30T14:23:28.274+0000] {taskinstance.py:1956} INFO - Dependencies all met for dep_context=requeueable deps ti=<TaskInstance: etl_ecobici.procesar_datos manual__2025-05-30T14:23:09.742255+00:00 [queued]>
[2025-05-30T14:23:28.275+0000] {taskinstance.py:2170} INFO - Starting attempt 1 of 1
[2025-05-30T14:23:28.342+0000] {taskinstance.py:2191} INFO - Executing <Task(BashOperator): procesar_datos> on 2025-05-30 14:23:09.742255+00:00
[2025-05-30T14:23:28.348+0000] {standard_task_runner.py:60} INFO - Started process 173 to run task
[2025-05-30T14:23:28.352+0000] {standard_task_runner.py:87} INFO - Running: ['airflow', 'tasks', 'run', 'etl_ecobici', 'procesar_datos', 'manual__2025-05-30T14:23:09.742255+00:00', '--job-id', '37', '--raw', '--subdir', 'DAGS_FOLDER/etl_ecobici.py', '--cfg-path', '/tmp/tmp7c8vx1_t']
[2025-05-30T14:23:28.354+0000] {standard_task_runner.py:88} INFO - Job 37: Subtask procesar_datos
[2025-05-30T14:23:28.494+0000] {task_command.py:423} INFO - Running <TaskInstance: etl_ecobici.procesar_datos manual__2025-05-30T14:23:09.742255+00:00 [running]> on host ff526de6184a
[2025-05-30T14:23:28.693+0000] {taskinstance.py:2480} INFO - Exporting env vars: AIRFLOW_CTX_DAG_OWNER='airflow' AIRFLOW_CTX_DAG_ID='etl_ecobici' AIRFLOW_CTX_TASK_ID='procesar_datos' AIRFLOW_CTX_EXECUTION_DATE='2025-05-30T14:23:09.742255+00:00' AIRFLOW_CTX_TRY_NUMBER='1' AIRFLOW_CTX_DAG_RUN_ID='manual__2025-05-30T14:23:09.742255+00:00'
[2025-05-30T14:23:28.695+0000] {subprocess.py:63} INFO - Tmp dir root location: /tmp
[2025-05-30T14:23:28.697+0000] {subprocess.py:75} INFO - Running command: ['/usr/bin/bash', '-c', 'docker exec spark spark-submit /app/dags/scripts/procesar_ecobici.py']
[2025-05-30T14:23:28.703+0000] {subprocess.py:86} INFO - Output:
[2025-05-30T14:23:31.382+0000] {subprocess.py:93} INFO - 25/05/30 14:23:31 INFO SparkContext: Running Spark version 3.5.0
[2025-05-30T14:23:31.383+0000] {subprocess.py:93} INFO - 25/05/30 14:23:31 INFO SparkContext: OS info Linux, 5.15.146.1-microsoft-standard-WSL2, amd64
[2025-05-30T14:23:31.384+0000] {subprocess.py:93} INFO - 25/05/30 14:23:31 INFO SparkContext: Java version 17.0.10
[2025-05-30T14:23:31.410+0000] {subprocess.py:93} INFO - 25/05/30 14:23:31 INFO ResourceUtils: ==============================================================
[2025-05-30T14:23:31.411+0000] {subprocess.py:93} INFO - 25/05/30 14:23:31 INFO ResourceUtils: No custom resources configured for spark.driver.
[2025-05-30T14:23:31.411+0000] {subprocess.py:93} INFO - 25/05/30 14:23:31 INFO ResourceUtils: ==============================================================
[2025-05-30T14:23:31.412+0000] {subprocess.py:93} INFO - 25/05/30 14:23:31 INFO SparkContext: Submitted application: Procesar Ecobici y subir a MinIO
[2025-05-30T14:23:31.429+0000] {subprocess.py:93} INFO - 25/05/30 14:23:31 INFO ResourceProfile: Default ResourceProfile created, executor resources: Map(cores -> name: cores, amount: 1, script: , vendor: , memory -> name: memory, amount: 1024, script: , vendor: , offHeap -> name: offHeap, amount: 0, script: , vendor: ), task resources: Map(cpus -> name: cpus, amount: 1.0)
[2025-05-30T14:23:31.437+0000] {subprocess.py:93} INFO - 25/05/30 14:23:31 INFO ResourceProfile: Limiting resource is cpu
[2025-05-30T14:23:31.438+0000] {subprocess.py:93} INFO - 25/05/30 14:23:31 INFO ResourceProfileManager: Added ResourceProfile id: 0
[2025-05-30T14:23:31.483+0000] {subprocess.py:93} INFO - 25/05/30 14:23:31 INFO SecurityManager: Changing view acls to: root,spark
[2025-05-30T14:23:31.484+0000] {subprocess.py:93} INFO - 25/05/30 14:23:31 INFO SecurityManager: Changing modify acls to: root,spark
[2025-05-30T14:23:31.484+0000] {subprocess.py:93} INFO - 25/05/30 14:23:31 INFO SecurityManager: Changing view acls groups to:
[2025-05-30T14:23:31.485+0000] {subprocess.py:93} INFO - 25/05/30 14:23:31 INFO SecurityManager: Changing modify acls groups to:
[2025-05-30T14:23:31.486+0000] {subprocess.py:93} INFO - 25/05/30 14:23:31 INFO SecurityManager: SecurityManager: authentication disabled; ui acls disabled; users with view permissions: root, spark; groups with view permissions: EMPTY; users with modify permissions: root, spark; groups with modify permissions: EMPTY
[2025-05-30T14:23:31.530+0000] {subprocess.py:93} INFO - 25/05/30 14:23:31 WARN NativeCodeLoader: Unable to load native-hadoop library for your platform... using builtin-java classes where applicable
[2025-05-30T14:23:31.767+0000] {subprocess.py:93} INFO - 25/05/30 14:23:31 INFO Utils: Successfully started service 'sparkDriver' on port 44713.
[2025-05-30T14:23:31.792+0000] {subprocess.py:93} INFO - 25/05/30 14:23:31 INFO SparkEnv: Registering MapOutputTracker
[2025-05-30T14:23:31.825+0000] {subprocess.py:93} INFO - 25/05/30 14:23:31 INFO SparkEnv: Registering BlockManagerMaster
[2025-05-30T14:23:31.846+0000] {subprocess.py:93} INFO - 25/05/30 14:23:31 INFO BlockManagerMasterEndpoint: Using org.apache.spark.storage.DefaultTopologyMapper for getting topology information
[2025-05-30T14:23:31.846+0000] {subprocess.py:93} INFO - 25/05/30 14:23:31 INFO BlockManagerMasterEndpoint: BlockManagerMasterEndpoint up
[2025-05-30T14:23:31.852+0000] {subprocess.py:93} INFO - 25/05/30 14:23:31 INFO SparkEnv: Registering BlockManagerMasterHeartbeat
[2025-05-30T14:23:31.871+0000] {subprocess.py:93} INFO - 25/05/30 14:23:31 INFO DiskBlockManager: Created local directory at /tmp/blockmgr-c382a1ef-23a3-4ac5-a640-3b38d1911681
[2025-05-30T14:23:31.889+0000] {subprocess.py:93} INFO - 25/05/30 14:23:31 INFO MemoryStore: MemoryStore started with capacity 434.4 MiB
[2025-05-30T14:23:31.913+0000] {subprocess.py:93} INFO - 25/05/30 14:23:31 INFO SparkEnv: Registering OutputCommitCoordinator
[2025-05-30T14:23:32.026+0000] {subprocess.py:93} INFO - 25/05/30 14:23:32 INFO JettyUtils: Start Jetty 0.0.0.0:4040 for SparkUI
[2025-05-30T14:23:32.089+0000] {subprocess.py:93} INFO - 25/05/30 14:23:32 INFO Utils: Successfully started service 'SparkUI' on port 4040.
[2025-05-30T14:23:32.201+0000] {subprocess.py:93} INFO - 25/05/30 14:23:32 INFO Executor: Starting executor ID driver on host 3640672cf49b
[2025-05-30T14:23:32.201+0000] {subprocess.py:93} INFO - 25/05/30 14:23:32 INFO Executor: OS info Linux, 5.15.146.1-microsoft-standard-WSL2, amd64
[2025-05-30T14:23:32.202+0000] {subprocess.py:93} INFO - 25/05/30 14:23:32 INFO Executor: Java version 17.0.10
[2025-05-30T14:23:32.218+0000] {subprocess.py:93} INFO - 25/05/30 14:23:32 INFO Executor: Starting executor with user classpath (userClassPathFirst = false): ''
[2025-05-30T14:23:32.219+0000] {subprocess.py:93} INFO - 25/05/30 14:23:32 INFO Executor: Created or updated repl class loader org.apache.spark.util.MutableURLClassLoader@633ce4e3 for default.
[2025-05-30T14:23:32.237+0000] {subprocess.py:93} INFO - 25/05/30 14:23:32 INFO Utils: Successfully started service 'org.apache.spark.network.netty.NettyBlockTransferService' on port 45047.
[2025-05-30T14:23:32.238+0000] {subprocess.py:93} INFO - 25/05/30 14:23:32 INFO NettyBlockTransferService: Server created on 3640672cf49b:45047
[2025-05-30T14:23:32.239+0000] {subprocess.py:93} INFO - 25/05/30 14:23:32 INFO BlockManager: Using org.apache.spark.storage.RandomBlockReplicationPolicy for block replication policy
[2025-05-30T14:23:32.248+0000] {subprocess.py:93} INFO - 25/05/30 14:23:32 INFO BlockManagerMaster: Registering BlockManager BlockManagerId(driver, 3640672cf49b, 45047, None)
[2025-05-30T14:23:32.252+0000] {subprocess.py:93} INFO - 25/05/30 14:23:32 INFO BlockManagerMasterEndpoint: Registering block manager 3640672cf49b:45047 with 434.4 MiB RAM, BlockManagerId(driver, 3640672cf49b, 45047, None)
[2025-05-30T14:23:32.256+0000] {subprocess.py:93} INFO - 25/05/30 14:23:32 INFO BlockManagerMaster: Registered BlockManager BlockManagerId(driver, 3640672cf49b, 45047, None)
[2025-05-30T14:23:32.260+0000] {subprocess.py:93} INFO - 25/05/30 14:23:32 INFO BlockManager: Initialized BlockManager: BlockManagerId(driver, 3640672cf49b, 45047, None)
[2025-05-30T14:23:32.630+0000] {subprocess.py:93} INFO - 25/05/30 14:23:32 INFO SharedState: Setting hive.metastore.warehouse.dir ('null') to the value of spark.sql.warehouse.dir.
[2025-05-30T14:23:32.636+0000] {subprocess.py:93} INFO - 25/05/30 14:23:32 INFO SharedState: Warehouse path is 'file:/app/spark-warehouse'.
[2025-05-30T14:23:33.359+0000] {subprocess.py:93} INFO - 25/05/30 14:23:33 INFO InMemoryFileIndex: It took 45 ms to list leaf files for 1 paths.
[2025-05-30T14:23:33.442+0000] {subprocess.py:93} INFO - 25/05/30 14:23:33 INFO InMemoryFileIndex: It took 13 ms to list leaf files for 1 paths.
[2025-05-30T14:23:35.325+0000] {subprocess.py:93} INFO - 25/05/30 14:23:35 INFO FileSourceStrategy: Pushed Filters:
[2025-05-30T14:23:35.327+0000] {subprocess.py:93} INFO - 25/05/30 14:23:35 INFO FileSourceStrategy: Post-Scan Filters: (length(trim(value#0, None)) > 0)
[2025-05-30T14:23:35.780+0000] {subprocess.py:93} INFO - 25/05/30 14:23:35 INFO CodeGenerator: Code generated in 201.416985 ms
[2025-05-30T14:23:35.829+0000] {subprocess.py:93} INFO - 25/05/30 14:23:35 INFO MemoryStore: Block broadcast_0 stored as values in memory (estimated size 201.2 KiB, free 434.2 MiB)
[2025-05-30T14:23:35.877+0000] {subprocess.py:93} INFO - 25/05/30 14:23:35 INFO MemoryStore: Block broadcast_0_piece0 stored as bytes in memory (estimated size 34.7 KiB, free 434.2 MiB)
[2025-05-30T14:23:35.879+0000] {subprocess.py:93} INFO - 25/05/30 14:23:35 INFO BlockManagerInfo: Added broadcast_0_piece0 in memory on 3640672cf49b:45047 (size: 34.7 KiB, free: 434.4 MiB)
[2025-05-30T14:23:35.883+0000] {subprocess.py:93} INFO - 25/05/30 14:23:35 INFO SparkContext: Created broadcast 0 from csv at NativeMethodAccessorImpl.java:0
[2025-05-30T14:23:35.894+0000] {subprocess.py:93} INFO - 25/05/30 14:23:35 INFO FileSourceScanExec: Planning scan with bin packing, max size: 4194304 bytes, open cost is considered as scanning 4194304 bytes.
[2025-05-30T14:23:35.993+0000] {subprocess.py:93} INFO - 25/05/30 14:23:35 INFO SparkContext: Starting job: csv at NativeMethodAccessorImpl.java:0
[2025-05-30T14:23:36.010+0000] {subprocess.py:93} INFO - 25/05/30 14:23:36 INFO DAGScheduler: Got job 0 (csv at NativeMethodAccessorImpl.java:0) with 1 output partitions
[2025-05-30T14:23:36.011+0000] {subprocess.py:93} INFO - 25/05/30 14:23:36 INFO DAGScheduler: Final stage: ResultStage 0 (csv at NativeMethodAccessorImpl.java:0)
[2025-05-30T14:23:36.011+0000] {subprocess.py:93} INFO - 25/05/30 14:23:36 INFO DAGScheduler: Parents of final stage: List()
[2025-05-30T14:23:36.013+0000] {subprocess.py:93} INFO - 25/05/30 14:23:36 INFO DAGScheduler: Missing parents: List()
[2025-05-30T14:23:36.017+0000] {subprocess.py:93} INFO - 25/05/30 14:23:36 INFO DAGScheduler: Submitting ResultStage 0 (MapPartitionsRDD[3] at csv at NativeMethodAccessorImpl.java:0), which has no missing parents
[2025-05-30T14:23:36.096+0000] {subprocess.py:93} INFO - 25/05/30 14:23:36 INFO MemoryStore: Block broadcast_1 stored as values in memory (estimated size 13.5 KiB, free 434.2 MiB)
[2025-05-30T14:23:36.099+0000] {subprocess.py:93} INFO - 25/05/30 14:23:36 INFO MemoryStore: Block broadcast_1_piece0 stored as bytes in memory (estimated size 6.4 KiB, free 434.2 MiB)
[2025-05-30T14:23:36.101+0000] {subprocess.py:93} INFO - 25/05/30 14:23:36 INFO BlockManagerInfo: Added broadcast_1_piece0 in memory on 3640672cf49b:45047 (size: 6.4 KiB, free: 434.4 MiB)
[2025-05-30T14:23:36.102+0000] {subprocess.py:93} INFO - 25/05/30 14:23:36 INFO SparkContext: Created broadcast 1 from broadcast at DAGScheduler.scala:1580
[2025-05-30T14:23:36.118+0000] {subprocess.py:93} INFO - 25/05/30 14:23:36 INFO DAGScheduler: Submitting 1 missing tasks from ResultStage 0 (MapPartitionsRDD[3] at csv at NativeMethodAccessorImpl.java:0) (first 15 tasks are for partitions Vector(0))
[2025-05-30T14:23:36.120+0000] {subprocess.py:93} INFO - 25/05/30 14:23:36 INFO TaskSchedulerImpl: Adding task set 0.0 with 1 tasks resource profile 0
[2025-05-30T14:23:36.181+0000] {subprocess.py:93} INFO - 25/05/30 14:23:36 INFO TaskSetManager: Starting task 0.0 in stage 0.0 (TID 0) (3640672cf49b, executor driver, partition 0, PROCESS_LOCAL, 8224 bytes)
[2025-05-30T14:23:36.210+0000] {subprocess.py:93} INFO - 25/05/30 14:23:36 INFO Executor: Running task 0.0 in stage 0.0 (TID 0)
[2025-05-30T14:23:36.331+0000] {subprocess.py:93} INFO - 25/05/30 14:23:36 INFO CodeGenerator: Code generated in 15.393112 ms
[2025-05-30T14:23:36.338+0000] {subprocess.py:93} INFO - 25/05/30 14:23:36 INFO FileScanRDD: Reading File path: file:///app/data/raw/usuarios_ecobici_2024.csv, range: 0-4194304, partition values: [empty row]
[2025-05-30T14:23:36.356+0000] {subprocess.py:93} INFO - 25/05/30 14:23:36 INFO CodeGenerator: Code generated in 9.424273 ms
[2025-05-30T14:23:36.406+0000] {subprocess.py:93} INFO - 25/05/30 14:23:36 INFO LineRecordReader: Found UTF-8 BOM and skipped it
[2025-05-30T14:23:36.429+0000] {subprocess.py:93} INFO - 25/05/30 14:23:36 INFO Executor: Finished task 0.0 in stage 0.0 (TID 0). 1660 bytes result sent to driver
[2025-05-30T14:23:36.439+0000] {subprocess.py:93} INFO - 25/05/30 14:23:36 INFO TaskSetManager: Finished task 0.0 in stage 0.0 (TID 0) in 274 ms on 3640672cf49b (executor driver) (1/1)
[2025-05-30T14:23:36.442+0000] {subprocess.py:93} INFO - 25/05/30 14:23:36 INFO TaskSchedulerImpl: Removed TaskSet 0.0, whose tasks have all completed, from pool
[2025-05-30T14:23:36.447+0000] {subprocess.py:93} INFO - 25/05/30 14:23:36 INFO DAGScheduler: ResultStage 0 (csv at NativeMethodAccessorImpl.java:0) finished in 0.416 s
[2025-05-30T14:23:36.449+0000] {subprocess.py:93} INFO - 25/05/30 14:23:36 INFO DAGScheduler: Job 0 is finished. Cancelling potential speculative or zombie tasks for this job
[2025-05-30T14:23:36.450+0000] {subprocess.py:93} INFO - 25/05/30 14:23:36 INFO TaskSchedulerImpl: Killing all running tasks in stage 0: Stage finished
[2025-05-30T14:23:36.453+0000] {subprocess.py:93} INFO - 25/05/30 14:23:36 INFO DAGScheduler: Job 0 finished: csv at NativeMethodAccessorImpl.java:0, took 0.459519 s
[2025-05-30T14:23:36.478+0000] {subprocess.py:93} INFO - 25/05/30 14:23:36 INFO CodeGenerator: Code generated in 10.624495 ms
[2025-05-30T14:23:36.543+0000] {subprocess.py:93} INFO - 25/05/30 14:23:36 INFO FileSourceStrategy: Pushed Filters:
[2025-05-30T14:23:36.544+0000] {subprocess.py:93} INFO - 25/05/30 14:23:36 INFO FileSourceStrategy: Post-Scan Filters:
[2025-05-30T14:23:36.555+0000] {subprocess.py:93} INFO - 25/05/30 14:23:36 INFO MemoryStore: Block broadcast_2 stored as values in memory (estimated size 201.2 KiB, free 434.0 MiB)
[2025-05-30T14:23:36.576+0000] {subprocess.py:93} INFO - 25/05/30 14:23:36 INFO MemoryStore: Block broadcast_2_piece0 stored as bytes in memory (estimated size 34.7 KiB, free 433.9 MiB)
[2025-05-30T14:23:36.580+0000] {subprocess.py:93} INFO - 25/05/30 14:23:36 INFO BlockManagerInfo: Added broadcast_2_piece0 in memory on 3640672cf49b:45047 (size: 34.7 KiB, free: 434.3 MiB)
[2025-05-30T14:23:36.581+0000] {subprocess.py:93} INFO - 25/05/30 14:23:36 INFO SparkContext: Created broadcast 2 from csv at NativeMethodAccessorImpl.java:0
[2025-05-30T14:23:36.582+0000] {subprocess.py:93} INFO - 25/05/30 14:23:36 INFO FileSourceScanExec: Planning scan with bin packing, max size: 4194304 bytes, open cost is considered as scanning 4194304 bytes.
[2025-05-30T14:23:36.590+0000] {subprocess.py:93} INFO - 25/05/30 14:23:36 INFO BlockManagerInfo: Removed broadcast_1_piece0 on 3640672cf49b:45047 in memory (size: 6.4 KiB, free: 434.3 MiB)
[2025-05-30T14:23:36.652+0000] {subprocess.py:93} INFO - root
[2025-05-30T14:23:36.653+0000] {subprocess.py:93} INFO -  |-- id_usuario: string (nullable = true)
[2025-05-30T14:23:36.654+0000] {subprocess.py:93} INFO -  |-- genero_usuario: string (nullable = true)
[2025-05-30T14:23:36.655+0000] {subprocess.py:93} INFO -  |-- edad_usuario: string (nullable = true)
[2025-05-30T14:23:36.656+0000] {subprocess.py:93} INFO -  |-- fecha_alta: string (nullable = true)
[2025-05-30T14:23:36.656+0000] {subprocess.py:93} INFO -  |-- hora_alta: string (nullable = true)
[2025-05-30T14:23:36.657+0000] {subprocess.py:93} INFO - 
[2025-05-30T14:23:36.707+0000] {subprocess.py:93} INFO - 25/05/30 14:23:36 INFO FileSourceStrategy: Pushed Filters:
[2025-05-30T14:23:36.711+0000] {subprocess.py:93} INFO - 25/05/30 14:23:36 INFO FileSourceStrategy: Post-Scan Filters:
[2025-05-30T14:23:36.797+0000] {subprocess.py:93} INFO - 25/05/30 14:23:36 INFO CodeGenerator: Code generated in 21.800072 ms
[2025-05-30T14:23:36.801+0000] {subprocess.py:93} INFO - 25/05/30 14:23:36 INFO MemoryStore: Block broadcast_3 stored as values in memory (estimated size 201.1 KiB, free 433.7 MiB)
[2025-05-30T14:23:36.824+0000] {subprocess.py:93} INFO - 25/05/30 14:23:36 INFO MemoryStore: Block broadcast_3_piece0 stored as bytes in memory (estimated size 34.7 KiB, free 433.7 MiB)
[2025-05-30T14:23:36.825+0000] {subprocess.py:93} INFO - 25/05/30 14:23:36 INFO BlockManagerInfo: Added broadcast_3_piece0 in memory on 3640672cf49b:45047 (size: 34.7 KiB, free: 434.3 MiB)
[2025-05-30T14:23:36.827+0000] {subprocess.py:93} INFO - 25/05/30 14:23:36 INFO SparkContext: Created broadcast 3 from showString at NativeMethodAccessorImpl.java:0
[2025-05-30T14:23:36.840+0000] {subprocess.py:93} INFO - 25/05/30 14:23:36 INFO FileSourceScanExec: Planning scan with bin packing, max size: 4194304 bytes, open cost is considered as scanning 4194304 bytes.
[2025-05-30T14:23:36.858+0000] {subprocess.py:93} INFO - 25/05/30 14:23:36 INFO SparkContext: Starting job: showString at NativeMethodAccessorImpl.java:0
[2025-05-30T14:23:36.860+0000] {subprocess.py:93} INFO - 25/05/30 14:23:36 INFO DAGScheduler: Got job 1 (showString at NativeMethodAccessorImpl.java:0) with 1 output partitions
[2025-05-30T14:23:36.861+0000] {subprocess.py:93} INFO - 25/05/30 14:23:36 INFO DAGScheduler: Final stage: ResultStage 1 (showString at NativeMethodAccessorImpl.java:0)
[2025-05-30T14:23:36.861+0000] {subprocess.py:93} INFO - 25/05/30 14:23:36 INFO DAGScheduler: Parents of final stage: List()
[2025-05-30T14:23:36.862+0000] {subprocess.py:93} INFO - 25/05/30 14:23:36 INFO DAGScheduler: Missing parents: List()
[2025-05-30T14:23:36.867+0000] {subprocess.py:93} INFO - 25/05/30 14:23:36 INFO DAGScheduler: Submitting ResultStage 1 (MapPartitionsRDD[13] at showString at NativeMethodAccessorImpl.java:0), which has no missing parents
[2025-05-30T14:23:36.873+0000] {subprocess.py:93} INFO - 25/05/30 14:23:36 INFO MemoryStore: Block broadcast_4 stored as values in memory (estimated size 16.5 KiB, free 433.7 MiB)
[2025-05-30T14:23:36.886+0000] {subprocess.py:93} INFO - 25/05/30 14:23:36 INFO MemoryStore: Block broadcast_4_piece0 stored as bytes in memory (estimated size 7.7 KiB, free 433.7 MiB)
[2025-05-30T14:23:36.890+0000] {subprocess.py:93} INFO - 25/05/30 14:23:36 INFO BlockManagerInfo: Added broadcast_4_piece0 in memory on 3640672cf49b:45047 (size: 7.7 KiB, free: 434.3 MiB)
[2025-05-30T14:23:36.892+0000] {subprocess.py:93} INFO - 25/05/30 14:23:36 INFO SparkContext: Created broadcast 4 from broadcast at DAGScheduler.scala:1580
[2025-05-30T14:23:36.895+0000] {subprocess.py:93} INFO - 25/05/30 14:23:36 INFO DAGScheduler: Submitting 1 missing tasks from ResultStage 1 (MapPartitionsRDD[13] at showString at NativeMethodAccessorImpl.java:0) (first 15 tasks are for partitions Vector(0))
[2025-05-30T14:23:36.896+0000] {subprocess.py:93} INFO - 25/05/30 14:23:36 INFO TaskSchedulerImpl: Adding task set 1.0 with 1 tasks resource profile 0
[2025-05-30T14:23:36.901+0000] {subprocess.py:93} INFO - 25/05/30 14:23:36 INFO TaskSetManager: Starting task 0.0 in stage 1.0 (TID 1) (3640672cf49b, executor driver, partition 0, PROCESS_LOCAL, 8224 bytes)
[2025-05-30T14:23:36.903+0000] {subprocess.py:93} INFO - 25/05/30 14:23:36 INFO Executor: Running task 0.0 in stage 1.0 (TID 1)
[2025-05-30T14:23:36.940+0000] {subprocess.py:93} INFO - 25/05/30 14:23:36 INFO CodeGenerator: Code generated in 20.854599 ms
[2025-05-30T14:23:36.942+0000] {subprocess.py:93} INFO - 25/05/30 14:23:36 INFO FileScanRDD: Reading File path: file:///app/data/raw/usuarios_ecobici_2024.csv, range: 0-4194304, partition values: [empty row]
[2025-05-30T14:23:36.972+0000] {subprocess.py:93} INFO - 25/05/30 14:23:36 INFO CodeGenerator: Code generated in 19.308653 ms
[2025-05-30T14:23:37.028+0000] {subprocess.py:93} INFO - 25/05/30 14:23:37 INFO LineRecordReader: Found UTF-8 BOM and skipped it
[2025-05-30T14:23:37.042+0000] {subprocess.py:93} INFO - 25/05/30 14:23:37 INFO Executor: Finished task 0.0 in stage 1.0 (TID 1). 1761 bytes result sent to driver
[2025-05-30T14:23:37.045+0000] {subprocess.py:93} INFO - 25/05/30 14:23:37 INFO TaskSetManager: Finished task 0.0 in stage 1.0 (TID 1) in 145 ms on 3640672cf49b (executor driver) (1/1)
[2025-05-30T14:23:37.046+0000] {subprocess.py:93} INFO - 25/05/30 14:23:37 INFO TaskSchedulerImpl: Removed TaskSet 1.0, whose tasks have all completed, from pool
[2025-05-30T14:23:37.047+0000] {subprocess.py:93} INFO - 25/05/30 14:23:37 INFO DAGScheduler: ResultStage 1 (showString at NativeMethodAccessorImpl.java:0) finished in 0.180 s
[2025-05-30T14:23:37.048+0000] {subprocess.py:93} INFO - 25/05/30 14:23:37 INFO DAGScheduler: Job 1 is finished. Cancelling potential speculative or zombie tasks for this job
[2025-05-30T14:23:37.048+0000] {subprocess.py:93} INFO - 25/05/30 14:23:37 INFO TaskSchedulerImpl: Killing all running tasks in stage 1: Stage finished
[2025-05-30T14:23:37.048+0000] {subprocess.py:93} INFO - 25/05/30 14:23:37 INFO DAGScheduler: Job 1 finished: showString at NativeMethodAccessorImpl.java:0, took 0.189863 s
[2025-05-30T14:23:37.075+0000] {subprocess.py:93} INFO - 25/05/30 14:23:37 INFO CodeGenerator: Code generated in 14.82346 ms
[2025-05-30T14:23:37.082+0000] {subprocess.py:93} INFO - +----------+--------------+------------+----------+---------+
[2025-05-30T14:23:37.083+0000] {subprocess.py:93} INFO - |id_usuario|genero_usuario|edad_usuario|fecha_alta|hora_alta|
[2025-05-30T14:23:37.083+0000] {subprocess.py:93} INFO - +----------+--------------+------------+----------+---------+
[2025-05-30T14:23:37.084+0000] {subprocess.py:93} INFO - |   1094487|         OTHER|          35|2024-01-18| 09:21:02|
[2025-05-30T14:23:37.084+0000] {subprocess.py:93} INFO - |   1097128|        FEMALE|          21|2024-01-21| 23:02:26|
[2025-05-30T14:23:37.085+0000] {subprocess.py:93} INFO - |   1102901|         OTHER|          19|2024-01-29| 19:33:32|
[2025-05-30T14:23:37.085+0000] {subprocess.py:93} INFO - |   1096100|        FEMALE|          29|2024-01-20| 18:57:05|
[2025-05-30T14:23:37.086+0000] {subprocess.py:93} INFO - |   1103049|          MALE|          21|2024-01-30| 00:49:33|
[2025-05-30T14:23:37.086+0000] {subprocess.py:93} INFO - +----------+--------------+------------+----------+---------+
[2025-05-30T14:23:37.086+0000] {subprocess.py:93} INFO - only showing top 5 rows
[2025-05-30T14:23:37.087+0000] {subprocess.py:93} INFO - 
[2025-05-30T14:23:37.223+0000] {subprocess.py:93} INFO - 25/05/30 14:23:37 WARN MetricsConfig: Cannot locate configuration: tried hadoop-metrics2-s3a-file-system.properties,hadoop-metrics2.properties
[2025-05-30T14:23:37.236+0000] {subprocess.py:93} INFO - 25/05/30 14:23:37 INFO MetricsSystemImpl: Scheduled Metric snapshot period at 10 second(s).
[2025-05-30T14:23:37.236+0000] {subprocess.py:93} INFO - 25/05/30 14:23:37 INFO MetricsSystemImpl: s3a-file-system metrics system started
[2025-05-30T14:23:37.800+0000] {subprocess.py:93} INFO - 25/05/30 14:23:37 INFO FileSourceStrategy: Pushed Filters:
[2025-05-30T14:23:37.801+0000] {subprocess.py:93} INFO - 25/05/30 14:23:37 INFO FileSourceStrategy: Post-Scan Filters: atleastnnonnulls(5, id_usuario#17, genero_usuario#18, edad_usuario#19, fecha_alta#20, hora_alta#21)
[2025-05-30T14:23:37.999+0000] {subprocess.py:93} INFO - Traceback (most recent call last):
[2025-05-30T14:23:38.000+0000] {subprocess.py:93} INFO -   File "/app/dags/scripts/procesar_ecobici.py", line 29, in <module>
[2025-05-30T14:23:38.004+0000] {subprocess.py:93} INFO -     .csv("s3a://urban-mobility/usuarios/usuarios_ecobici_limpio.csv")
[2025-05-30T14:23:38.004+0000] {subprocess.py:93} INFO -      ^^^^^^^^^^^^^^^^^^^^^^^^^^^^^^^^^^^^^^^^^^^^^^^^^^^^^^^^^^^^^^^^
[2025-05-30T14:23:38.005+0000] {subprocess.py:93} INFO -   File "/opt/bitnami/spark/python/lib/pyspark.zip/pyspark/sql/readwriter.py", line 1864, in csv
[2025-05-30T14:23:38.006+0000] {subprocess.py:93} INFO -   File "/opt/bitnami/spark/python/lib/py4j-0.10.9.7-src.zip/py4j/java_gateway.py", line 1322, in __call__
[2025-05-30T14:23:38.007+0000] {subprocess.py:93} INFO -   File "/opt/bitnami/spark/python/lib/pyspark.zip/pyspark/errors/exceptions/captured.py", line 179, in deco
[2025-05-30T14:23:38.008+0000] {subprocess.py:93} INFO -   File "/opt/bitnami/spark/python/lib/py4j-0.10.9.7-src.zip/py4j/protocol.py", line 326, in get_return_value
[2025-05-30T14:23:38.011+0000] {subprocess.py:93} INFO - py4j.protocol.Py4JJavaError: An error occurred while calling o50.csv.
[2025-05-30T14:23:38.012+0000] {subprocess.py:93} INFO - : org.apache.hadoop.fs.s3a.UnknownStoreException: `s3a://urban-mobility/usuarios/usuarios_ecobici_limpio.csv': getFileStatus on s3a://urban-mobility/usuarios/usuarios_ecobici_limpio.csv: com.amazonaws.services.s3.model.AmazonS3Exception: The specified bucket does not exist (Service: Amazon S3; Status Code: 404; Error Code: NoSuchBucket; Request ID: 1844541820E237E9; S3 Extended Request ID: dd9025bab4ad464b049177c95eb6ebf374d3b3fd1af9251148b658df7ac2e3e8; Proxy: null), S3 Extended Request ID: dd9025bab4ad464b049177c95eb6ebf374d3b3fd1af9251148b658df7ac2e3e8:NoSuchBucket: The specified bucket does not exist (Service: Amazon S3; Status Code: 404; Error Code: NoSuchBucket; Request ID: 1844541820E237E9; S3 Extended Request ID: dd9025bab4ad464b049177c95eb6ebf374d3b3fd1af9251148b658df7ac2e3e8; Proxy: null)
[2025-05-30T14:23:38.014+0000] {subprocess.py:93} INFO - 	at org.apache.hadoop.fs.s3a.S3AUtils.translateException(S3AUtils.java:263)
[2025-05-30T14:23:38.015+0000] {subprocess.py:93} INFO - 	at org.apache.hadoop.fs.s3a.S3AUtils.translateException(S3AUtils.java:175)
[2025-05-30T14:23:38.015+0000] {subprocess.py:93} INFO - 	at org.apache.hadoop.fs.s3a.S3AFileSystem.s3GetFileStatus(S3AFileSystem.java:3858)
[2025-05-30T14:23:38.015+0000] {subprocess.py:93} INFO - 	at org.apache.hadoop.fs.s3a.S3AFileSystem.innerGetFileStatus(S3AFileSystem.java:3688)
[2025-05-30T14:23:38.015+0000] {subprocess.py:93} INFO - 	at org.apache.hadoop.fs.s3a.S3AFileSystem.lambda$exists$34(S3AFileSystem.java:4703)
[2025-05-30T14:23:38.016+0000] {subprocess.py:93} INFO - 	at org.apache.hadoop.fs.statistics.impl.IOStatisticsBinding.lambda$trackDurationOfOperation$5(IOStatisticsBinding.java:499)
[2025-05-30T14:23:38.016+0000] {subprocess.py:93} INFO - 	at org.apache.hadoop.fs.statistics.impl.IOStatisticsBinding.trackDuration(IOStatisticsBinding.java:444)
[2025-05-30T14:23:38.016+0000] {subprocess.py:93} INFO - 	at org.apache.hadoop.fs.s3a.S3AFileSystem.trackDurationAndSpan(S3AFileSystem.java:2337)
[2025-05-30T14:23:38.017+0000] {subprocess.py:93} INFO - 	at org.apache.hadoop.fs.s3a.S3AFileSystem.trackDurationAndSpan(S3AFileSystem.java:2356)
[2025-05-30T14:23:38.017+0000] {subprocess.py:93} INFO - 	at org.apache.hadoop.fs.s3a.S3AFileSystem.exists(S3AFileSystem.java:4701)
[2025-05-30T14:23:38.017+0000] {subprocess.py:93} INFO - 	at org.apache.spark.sql.execution.datasources.InsertIntoHadoopFsRelationCommand.run(InsertIntoHadoopFsRelationCommand.scala:120)
[2025-05-30T14:23:38.018+0000] {subprocess.py:93} INFO - 	at org.apache.spark.sql.execution.command.DataWritingCommandExec.sideEffectResult$lzycompute(commands.scala:113)
[2025-05-30T14:23:38.018+0000] {subprocess.py:93} INFO - 	at org.apache.spark.sql.execution.command.DataWritingCommandExec.sideEffectResult(commands.scala:111)
[2025-05-30T14:23:38.018+0000] {subprocess.py:93} INFO - 	at org.apache.spark.sql.execution.command.DataWritingCommandExec.executeCollect(commands.scala:125)
[2025-05-30T14:23:38.019+0000] {subprocess.py:93} INFO - 	at org.apache.spark.sql.execution.QueryExecution$$anonfun$eagerlyExecuteCommands$1.$anonfun$applyOrElse$1(QueryExecution.scala:107)
[2025-05-30T14:23:38.019+0000] {subprocess.py:93} INFO - 	at org.apache.spark.sql.execution.SQLExecution$.$anonfun$withNewExecutionId$6(SQLExecution.scala:125)
[2025-05-30T14:23:38.020+0000] {subprocess.py:93} INFO - 	at org.apache.spark.sql.execution.SQLExecution$.withSQLConfPropagated(SQLExecution.scala:201)
[2025-05-30T14:23:38.021+0000] {subprocess.py:93} INFO - 	at org.apache.spark.sql.execution.SQLExecution$.$anonfun$withNewExecutionId$1(SQLExecution.scala:108)
[2025-05-30T14:23:38.021+0000] {subprocess.py:93} INFO - 	at org.apache.spark.sql.SparkSession.withActive(SparkSession.scala:900)
[2025-05-30T14:23:38.021+0000] {subprocess.py:93} INFO - 	at org.apache.spark.sql.execution.SQLExecution$.withNewExecutionId(SQLExecution.scala:66)
[2025-05-30T14:23:38.022+0000] {subprocess.py:93} INFO - 	at org.apache.spark.sql.execution.QueryExecution$$anonfun$eagerlyExecuteCommands$1.applyOrElse(QueryExecution.scala:107)
[2025-05-30T14:23:38.022+0000] {subprocess.py:93} INFO - 	at org.apache.spark.sql.execution.QueryExecution$$anonfun$eagerlyExecuteCommands$1.applyOrElse(QueryExecution.scala:98)
[2025-05-30T14:23:38.022+0000] {subprocess.py:93} INFO - 	at org.apache.spark.sql.catalyst.trees.TreeNode.$anonfun$transformDownWithPruning$1(TreeNode.scala:461)
[2025-05-30T14:23:38.022+0000] {subprocess.py:93} INFO - 	at org.apache.spark.sql.catalyst.trees.CurrentOrigin$.withOrigin(origin.scala:76)
[2025-05-30T14:23:38.022+0000] {subprocess.py:93} INFO - 	at org.apache.spark.sql.catalyst.trees.TreeNode.transformDownWithPruning(TreeNode.scala:461)
[2025-05-30T14:23:38.023+0000] {subprocess.py:93} INFO - 	at org.apache.spark.sql.catalyst.plans.logical.LogicalPlan.org$apache$spark$sql$catalyst$plans$logical$AnalysisHelper$$super$transformDownWithPruning(LogicalPlan.scala:32)
[2025-05-30T14:23:38.023+0000] {subprocess.py:93} INFO - 	at org.apache.spark.sql.catalyst.plans.logical.AnalysisHelper.transformDownWithPruning(AnalysisHelper.scala:267)
[2025-05-30T14:23:38.023+0000] {subprocess.py:93} INFO - 	at org.apache.spark.sql.catalyst.plans.logical.AnalysisHelper.transformDownWithPruning$(AnalysisHelper.scala:263)
[2025-05-30T14:23:38.023+0000] {subprocess.py:93} INFO - 	at org.apache.spark.sql.catalyst.plans.logical.LogicalPlan.transformDownWithPruning(LogicalPlan.scala:32)
[2025-05-30T14:23:38.024+0000] {subprocess.py:93} INFO - 	at org.apache.spark.sql.catalyst.plans.logical.LogicalPlan.transformDownWithPruning(LogicalPlan.scala:32)
[2025-05-30T14:23:38.024+0000] {subprocess.py:93} INFO - 	at org.apache.spark.sql.catalyst.trees.TreeNode.transformDown(TreeNode.scala:437)
[2025-05-30T14:23:38.024+0000] {subprocess.py:93} INFO - 	at org.apache.spark.sql.execution.QueryExecution.eagerlyExecuteCommands(QueryExecution.scala:98)
[2025-05-30T14:23:38.024+0000] {subprocess.py:93} INFO - 	at org.apache.spark.sql.execution.QueryExecution.commandExecuted$lzycompute(QueryExecution.scala:85)
[2025-05-30T14:23:38.025+0000] {subprocess.py:93} INFO - 	at org.apache.spark.sql.execution.QueryExecution.commandExecuted(QueryExecution.scala:83)
[2025-05-30T14:23:38.025+0000] {subprocess.py:93} INFO - 	at org.apache.spark.sql.execution.QueryExecution.assertCommandExecuted(QueryExecution.scala:142)
[2025-05-30T14:23:38.025+0000] {subprocess.py:93} INFO - 	at org.apache.spark.sql.DataFrameWriter.runCommand(DataFrameWriter.scala:859)
[2025-05-30T14:23:38.026+0000] {subprocess.py:93} INFO - 	at org.apache.spark.sql.DataFrameWriter.saveToV1Source(DataFrameWriter.scala:388)
[2025-05-30T14:23:38.026+0000] {subprocess.py:93} INFO - 	at org.apache.spark.sql.DataFrameWriter.saveInternal(DataFrameWriter.scala:361)
[2025-05-30T14:23:38.026+0000] {subprocess.py:93} INFO - 	at org.apache.spark.sql.DataFrameWriter.save(DataFrameWriter.scala:240)
[2025-05-30T14:23:38.026+0000] {subprocess.py:93} INFO - 	at org.apache.spark.sql.DataFrameWriter.csv(DataFrameWriter.scala:850)
[2025-05-30T14:23:38.027+0000] {subprocess.py:93} INFO - 	at java.base/jdk.internal.reflect.NativeMethodAccessorImpl.invoke0(Native Method)
[2025-05-30T14:23:38.027+0000] {subprocess.py:93} INFO - 	at java.base/jdk.internal.reflect.NativeMethodAccessorImpl.invoke(NativeMethodAccessorImpl.java:77)
[2025-05-30T14:23:38.027+0000] {subprocess.py:93} INFO - 	at java.base/jdk.internal.reflect.DelegatingMethodAccessorImpl.invoke(DelegatingMethodAccessorImpl.java:43)
[2025-05-30T14:23:38.028+0000] {subprocess.py:93} INFO - 	at java.base/java.lang.reflect.Method.invoke(Method.java:568)
[2025-05-30T14:23:38.028+0000] {subprocess.py:93} INFO - 	at py4j.reflection.MethodInvoker.invoke(MethodInvoker.java:244)
[2025-05-30T14:23:38.028+0000] {subprocess.py:93} INFO - 	at py4j.reflection.ReflectionEngine.invoke(ReflectionEngine.java:374)
[2025-05-30T14:23:38.028+0000] {subprocess.py:93} INFO - 	at py4j.Gateway.invoke(Gateway.java:282)
[2025-05-30T14:23:38.029+0000] {subprocess.py:93} INFO - 	at py4j.commands.AbstractCommand.invokeMethod(AbstractCommand.java:132)
[2025-05-30T14:23:38.029+0000] {subprocess.py:93} INFO - 	at py4j.commands.CallCommand.execute(CallCommand.java:79)
[2025-05-30T14:23:38.029+0000] {subprocess.py:93} INFO - 	at py4j.ClientServerConnection.waitForCommands(ClientServerConnection.java:182)
[2025-05-30T14:23:38.029+0000] {subprocess.py:93} INFO - 	at py4j.ClientServerConnection.run(ClientServerConnection.java:106)
[2025-05-30T14:23:38.030+0000] {subprocess.py:93} INFO - 	at java.base/java.lang.Thread.run(Thread.java:840)
[2025-05-30T14:23:38.030+0000] {subprocess.py:93} INFO - Caused by: com.amazonaws.services.s3.model.AmazonS3Exception: The specified bucket does not exist (Service: Amazon S3; Status Code: 404; Error Code: NoSuchBucket; Request ID: 1844541820E237E9; S3 Extended Request ID: dd9025bab4ad464b049177c95eb6ebf374d3b3fd1af9251148b658df7ac2e3e8; Proxy: null), S3 Extended Request ID: dd9025bab4ad464b049177c95eb6ebf374d3b3fd1af9251148b658df7ac2e3e8
[2025-05-30T14:23:38.030+0000] {subprocess.py:93} INFO - 	at com.amazonaws.http.AmazonHttpClient$RequestExecutor.handleErrorResponse(AmazonHttpClient.java:1879)
[2025-05-30T14:23:38.031+0000] {subprocess.py:93} INFO - 	at com.amazonaws.http.AmazonHttpClient$RequestExecutor.handleServiceErrorResponse(AmazonHttpClient.java:1418)
[2025-05-30T14:23:38.031+0000] {subprocess.py:93} INFO - 	at com.amazonaws.http.AmazonHttpClient$RequestExecutor.executeOneRequest(AmazonHttpClient.java:1387)
[2025-05-30T14:23:38.031+0000] {subprocess.py:93} INFO - 	at com.amazonaws.http.AmazonHttpClient$RequestExecutor.executeHelper(AmazonHttpClient.java:1157)
[2025-05-30T14:23:38.032+0000] {subprocess.py:93} INFO - 	at com.amazonaws.http.AmazonHttpClient$RequestExecutor.doExecute(AmazonHttpClient.java:814)
[2025-05-30T14:23:38.032+0000] {subprocess.py:93} INFO - 	at com.amazonaws.http.AmazonHttpClient$RequestExecutor.executeWithTimer(AmazonHttpClient.java:781)
[2025-05-30T14:23:38.032+0000] {subprocess.py:93} INFO - 	at com.amazonaws.http.AmazonHttpClient$RequestExecutor.execute(AmazonHttpClient.java:755)
[2025-05-30T14:23:38.032+0000] {subprocess.py:93} INFO - 	at com.amazonaws.http.AmazonHttpClient$RequestExecutor.access$500(AmazonHttpClient.java:715)
[2025-05-30T14:23:38.033+0000] {subprocess.py:93} INFO - 	at com.amazonaws.http.AmazonHttpClient$RequestExecutionBuilderImpl.execute(AmazonHttpClient.java:697)
[2025-05-30T14:23:38.033+0000] {subprocess.py:93} INFO - 	at com.amazonaws.http.AmazonHttpClient.execute(AmazonHttpClient.java:561)
[2025-05-30T14:23:38.033+0000] {subprocess.py:93} INFO - 	at com.amazonaws.http.AmazonHttpClient.execute(AmazonHttpClient.java:541)
[2025-05-30T14:23:38.034+0000] {subprocess.py:93} INFO - 	at com.amazonaws.services.s3.AmazonS3Client.invoke(AmazonS3Client.java:5456)
[2025-05-30T14:23:38.034+0000] {subprocess.py:93} INFO - 	at com.amazonaws.services.s3.AmazonS3Client.invoke(AmazonS3Client.java:5403)
[2025-05-30T14:23:38.034+0000] {subprocess.py:93} INFO - 	at com.amazonaws.services.s3.AmazonS3Client.invoke(AmazonS3Client.java:5397)
[2025-05-30T14:23:38.034+0000] {subprocess.py:93} INFO - 	at com.amazonaws.services.s3.AmazonS3Client.listObjectsV2(AmazonS3Client.java:971)
[2025-05-30T14:23:38.035+0000] {subprocess.py:93} INFO - 	at org.apache.hadoop.fs.s3a.S3AFileSystem.lambda$listObjects$11(S3AFileSystem.java:2595)
[2025-05-30T14:23:38.035+0000] {subprocess.py:93} INFO - 	at org.apache.hadoop.fs.statistics.impl.IOStatisticsBinding.lambda$trackDurationOfOperation$5(IOStatisticsBinding.java:499)
[2025-05-30T14:23:38.035+0000] {subprocess.py:93} INFO - 	at org.apache.hadoop.fs.s3a.Invoker.retryUntranslated(Invoker.java:414)
[2025-05-30T14:23:38.035+0000] {subprocess.py:93} INFO - 	at org.apache.hadoop.fs.s3a.Invoker.retryUntranslated(Invoker.java:377)
[2025-05-30T14:23:38.036+0000] {subprocess.py:93} INFO - 	at org.apache.hadoop.fs.s3a.S3AFileSystem.listObjects(S3AFileSystem.java:2586)
[2025-05-30T14:23:38.036+0000] {subprocess.py:93} INFO - 	at org.apache.hadoop.fs.s3a.S3AFileSystem.s3GetFileStatus(S3AFileSystem.java:3832)
[2025-05-30T14:23:38.037+0000] {subprocess.py:93} INFO - 	... 49 more
[2025-05-30T14:23:38.037+0000] {subprocess.py:93} INFO - 
[2025-05-30T14:23:38.054+0000] {subprocess.py:93} INFO - 25/05/30 14:23:38 INFO SparkContext: Invoking stop() from shutdown hook
[2025-05-30T14:23:38.055+0000] {subprocess.py:93} INFO - 25/05/30 14:23:38 INFO SparkContext: SparkContext is stopping with exitCode 0.
[2025-05-30T14:23:38.064+0000] {subprocess.py:93} INFO - 25/05/30 14:23:38 INFO SparkUI: Stopped Spark web UI at http://3640672cf49b:4040
[2025-05-30T14:23:38.074+0000] {subprocess.py:93} INFO - 25/05/30 14:23:38 INFO MapOutputTrackerMasterEndpoint: MapOutputTrackerMasterEndpoint stopped!
[2025-05-30T14:23:38.094+0000] {subprocess.py:93} INFO - 25/05/30 14:23:38 INFO MemoryStore: MemoryStore cleared
[2025-05-30T14:23:38.095+0000] {subprocess.py:93} INFO - 25/05/30 14:23:38 INFO BlockManager: BlockManager stopped
[2025-05-30T14:23:38.097+0000] {subprocess.py:93} INFO - 25/05/30 14:23:38 INFO BlockManagerMaster: BlockManagerMaster stopped
[2025-05-30T14:23:38.100+0000] {subprocess.py:93} INFO - 25/05/30 14:23:38 INFO OutputCommitCoordinator$OutputCommitCoordinatorEndpoint: OutputCommitCoordinator stopped!
[2025-05-30T14:23:38.115+0000] {subprocess.py:93} INFO - 25/05/30 14:23:38 INFO SparkContext: Successfully stopped SparkContext
[2025-05-30T14:23:38.116+0000] {subprocess.py:93} INFO - 25/05/30 14:23:38 INFO ShutdownHookManager: Shutdown hook called
[2025-05-30T14:23:38.116+0000] {subprocess.py:93} INFO - 25/05/30 14:23:38 INFO ShutdownHookManager: Deleting directory /tmp/spark-ed38c247-60a7-41bf-8767-0fa1f72a9a4c/pyspark-d76dc876-1b20-4d59-b3a3-00a7cdb6511b
[2025-05-30T14:23:38.126+0000] {subprocess.py:93} INFO - 25/05/30 14:23:38 INFO ShutdownHookManager: Deleting directory /tmp/spark-ed38c247-60a7-41bf-8767-0fa1f72a9a4c
[2025-05-30T14:23:38.134+0000] {subprocess.py:93} INFO - 25/05/30 14:23:38 INFO ShutdownHookManager: Deleting directory /tmp/spark-354a5d88-1751-41bb-8c3c-84d0594620d4
[2025-05-30T14:23:38.146+0000] {subprocess.py:93} INFO - 25/05/30 14:23:38 INFO MetricsSystemImpl: Stopping s3a-file-system metrics system...
[2025-05-30T14:23:38.147+0000] {subprocess.py:93} INFO - 25/05/30 14:23:38 INFO MetricsSystemImpl: s3a-file-system metrics system stopped.
[2025-05-30T14:23:38.148+0000] {subprocess.py:93} INFO - 25/05/30 14:23:38 INFO MetricsSystemImpl: s3a-file-system metrics system shutdown complete.
[2025-05-30T14:23:38.197+0000] {subprocess.py:97} INFO - Command exited with return code 1
[2025-05-30T14:23:38.213+0000] {taskinstance.py:2698} ERROR - Task failed with exception
Traceback (most recent call last):
  File "/home/airflow/.local/lib/python3.10/site-packages/airflow/models/taskinstance.py", line 433, in _execute_task
    result = execute_callable(context=context, **execute_callable_kwargs)
  File "/home/airflow/.local/lib/python3.10/site-packages/airflow/operators/bash.py", line 212, in execute
    raise AirflowException(
airflow.exceptions.AirflowException: Bash command failed. The command returned a non-zero exit code 1.
[2025-05-30T14:23:38.218+0000] {taskinstance.py:1138} INFO - Marking task as FAILED. dag_id=etl_ecobici, task_id=procesar_datos, execution_date=20250530T142309, start_date=20250530T142328, end_date=20250530T142338
[2025-05-30T14:23:38.255+0000] {standard_task_runner.py:107} ERROR - Failed to execute job 37 for task procesar_datos (Bash command failed. The command returned a non-zero exit code 1.; 173)
[2025-05-30T14:23:38.285+0000] {local_task_job_runner.py:234} INFO - Task exited with return code 1
[2025-05-30T14:23:38.327+0000] {taskinstance.py:3280} INFO - 0 downstream tasks scheduled from follow-on schedule check
